This is pdfTeX, Version 3.14159265-2.6-1.40.19 (TeX Live 2018) (preloaded format=pdflatex 2018.12.27)  27 MAR 2019 09:42
entering extended mode
 restricted \write18 enabled.
 %&-line parsing enabled.
**main.tex
(./main.tex
LaTeX2e <2018-12-01>
(/usr/local/texlive/2018/texmf-dist/tex/latex/beamer/beamer.cls
Document Class: beamer 2018/12/02 v3.55 A class for typesetting presentations
(/usr/local/texlive/2018/texmf-dist/tex/latex/beamer/beamerbasemodes.sty
(/usr/local/texlive/2018/texmf-dist/tex/latex/etoolbox/etoolbox.sty
Package: etoolbox 2018/08/19 v2.5f e-TeX tools for LaTeX (JAW)
\etb@tempcnta=\count80
)
\beamer@tempbox=\box27
\beamer@tempcount=\count81
\c@beamerpauses=\count82

(/usr/local/texlive/2018/texmf-dist/tex/latex/beamer/beamerbasedecode.sty
\beamer@slideinframe=\count83
\beamer@minimum=\count84
)
\beamer@commentbox=\box28
\beamer@modecount=\count85
)
(/usr/local/texlive/2018/texmf-dist/tex/generic/oberdiek/ifpdf.sty
Package: ifpdf 2018/09/07 v3.3 Provides the ifpdf switch
)
\headdp=\dimen102
\footheight=\dimen103
\sidebarheight=\dimen104
\beamer@tempdim=\dimen105
\beamer@finalheight=\dimen106
\beamer@animht=\dimen107
\beamer@animdp=\dimen108
\beamer@animwd=\dimen109
\beamer@leftmargin=\dimen110
\beamer@rightmargin=\dimen111
\beamer@leftsidebar=\dimen112
\beamer@rightsidebar=\dimen113
\beamer@boxsize=\dimen114
\beamer@vboxoffset=\dimen115
\beamer@descdefault=\dimen116
\beamer@descriptionwidth=\dimen117
\beamer@lastskip=\skip41
\beamer@areabox=\box29
\beamer@animcurrent=\box30
\beamer@animshowbox=\box31
\beamer@sectionbox=\box32
\beamer@logobox=\box33
\beamer@linebox=\box34
\beamer@sectioncount=\count86
\beamer@subsubsectionmax=\count87
\beamer@subsectionmax=\count88
\beamer@sectionmax=\count89
\beamer@totalheads=\count90
\beamer@headcounter=\count91
\beamer@partstartpage=\count92
\beamer@sectionstartpage=\count93
\beamer@subsectionstartpage=\count94
\beamer@animationtempa=\count95
\beamer@animationtempb=\count96
\beamer@xpos=\count97
\beamer@ypos=\count98
\beamer@ypos@offset=\count99
\beamer@showpartnumber=\count100
\beamer@currentsubsection=\count101
\beamer@coveringdepth=\count102
\beamer@sectionadjust=\count103
\beamer@tocsectionnumber=\count104

(/usr/local/texlive/2018/texmf-dist/tex/latex/beamer/beamerbaseoptions.sty
(/usr/local/texlive/2018/texmf-dist/tex/latex/graphics/keyval.sty
Package: keyval 2014/10/28 v1.15 key=value parser (DPC)
\KV@toks@=\toks14
))
\beamer@paperwidth=\skip42
\beamer@paperheight=\skip43

(/usr/local/texlive/2018/texmf-dist/tex/latex/geometry/geometry.sty
Package: geometry 2018/04/16 v5.8 Page Geometry

(/usr/local/texlive/2018/texmf-dist/tex/generic/oberdiek/ifvtex.sty
Package: ifvtex 2016/05/16 v1.6 Detect VTeX and its facilities (HO)
Package ifvtex Info: VTeX not detected.
)
(/usr/local/texlive/2018/texmf-dist/tex/generic/ifxetex/ifxetex.sty
Package: ifxetex 2010/09/12 v0.6 Provides ifxetex conditional
)
\Gm@cnth=\count105
\Gm@cntv=\count106
\c@Gm@tempcnt=\count107
\Gm@bindingoffset=\dimen118
\Gm@wd@mp=\dimen119
\Gm@odd@mp=\dimen120
\Gm@even@mp=\dimen121
\Gm@layoutwidth=\dimen122
\Gm@layoutheight=\dimen123
\Gm@layouthoffset=\dimen124
\Gm@layoutvoffset=\dimen125
\Gm@dimlist=\toks15
)
(/usr/local/texlive/2018/texmf-dist/tex/latex/base/size11.clo
File: size11.clo 2018/09/03 v1.4i Standard LaTeX file (size option)
)
(/usr/local/texlive/2018/texmf-dist/tex/latex/pgf/basiclayer/pgfcore.sty
(/usr/local/texlive/2018/texmf-dist/tex/latex/graphics/graphicx.sty
Package: graphicx 2017/06/01 v1.1a Enhanced LaTeX Graphics (DPC,SPQR)

(/usr/local/texlive/2018/texmf-dist/tex/latex/graphics/graphics.sty
Package: graphics 2017/06/25 v1.2c Standard LaTeX Graphics (DPC,SPQR)

(/usr/local/texlive/2018/texmf-dist/tex/latex/graphics/trig.sty
Package: trig 2016/01/03 v1.10 sin cos tan (DPC)
)
(/usr/local/texlive/2018/texmf-dist/tex/latex/graphics-cfg/graphics.cfg
File: graphics.cfg 2016/06/04 v1.11 sample graphics configuration
)
Package graphics Info: Driver file: pdftex.def on input line 99.

(/usr/local/texlive/2018/texmf-dist/tex/latex/graphics-def/pdftex.def
File: pdftex.def 2018/01/08 v1.0l Graphics/color driver for pdftex
))
\Gin@req@height=\dimen126
\Gin@req@width=\dimen127
)
(/usr/local/texlive/2018/texmf-dist/tex/latex/pgf/systemlayer/pgfsys.sty
(/usr/local/texlive/2018/texmf-dist/tex/latex/pgf/utilities/pgfrcs.sty
(/usr/local/texlive/2018/texmf-dist/tex/generic/pgf/utilities/pgfutil-common.te
x
\pgfutil@everybye=\toks16
\pgfutil@tempdima=\dimen128
\pgfutil@tempdimb=\dimen129

(/usr/local/texlive/2018/texmf-dist/tex/generic/pgf/utilities/pgfutil-common-li
sts.tex))
(/usr/local/texlive/2018/texmf-dist/tex/generic/pgf/utilities/pgfutil-latex.def
\pgfutil@abb=\box35
(/usr/local/texlive/2018/texmf-dist/tex/latex/ms/everyshi.sty
Package: everyshi 2001/05/15 v3.00 EveryShipout Package (MS)
))
(/usr/local/texlive/2018/texmf-dist/tex/generic/pgf/utilities/pgfrcs.code.tex
Package: pgfrcs 2015/08/07 v3.0.1a (rcs-revision 1.31)
))
(/usr/local/texlive/2018/texmf-dist/tex/generic/pgf/systemlayer/pgfsys.code.tex
Package: pgfsys 2014/07/09 v3.0.1a (rcs-revision 1.48)
(/usr/local/texlive/2018/texmf-dist/tex/generic/pgf/utilities/pgfkeys.code.tex
\pgfkeys@pathtoks=\toks17
\pgfkeys@temptoks=\toks18

(/usr/local/texlive/2018/texmf-dist/tex/generic/pgf/utilities/pgfkeysfiltered.c
ode.tex
\pgfkeys@tmptoks=\toks19
))
\pgf@x=\dimen130
\pgf@y=\dimen131
\pgf@xa=\dimen132
\pgf@ya=\dimen133
\pgf@xb=\dimen134
\pgf@yb=\dimen135
\pgf@xc=\dimen136
\pgf@yc=\dimen137
\w@pgf@writea=\write3
\r@pgf@reada=\read1
\c@pgf@counta=\count108
\c@pgf@countb=\count109
\c@pgf@countc=\count110
\c@pgf@countd=\count111
\t@pgf@toka=\toks20
\t@pgf@tokb=\toks21
\t@pgf@tokc=\toks22

(/usr/local/texlive/2018/texmf-dist/tex/generic/pgf/systemlayer/pgf.cfg
File: pgf.cfg 2008/05/14  (rcs-revision 1.7)
)
Driver file for pgf: pgfsys-pdftex.def

(/usr/local/texlive/2018/texmf-dist/tex/generic/pgf/systemlayer/pgfsys-pdftex.d
ef
File: pgfsys-pdftex.def 2014/10/11  (rcs-revision 1.35)

(/usr/local/texlive/2018/texmf-dist/tex/generic/pgf/systemlayer/pgfsys-common-p
df.def
File: pgfsys-common-pdf.def 2013/10/10  (rcs-revision 1.13)
)))
(/usr/local/texlive/2018/texmf-dist/tex/generic/pgf/systemlayer/pgfsyssoftpath.
code.tex
File: pgfsyssoftpath.code.tex 2013/09/09  (rcs-revision 1.9)
\pgfsyssoftpath@smallbuffer@items=\count112
\pgfsyssoftpath@bigbuffer@items=\count113
)
(/usr/local/texlive/2018/texmf-dist/tex/generic/pgf/systemlayer/pgfsysprotocol.
code.tex
File: pgfsysprotocol.code.tex 2006/10/16  (rcs-revision 1.4)
)) (/usr/local/texlive/2018/texmf-dist/tex/latex/xcolor/xcolor.sty
Package: xcolor 2016/05/11 v2.12 LaTeX color extensions (UK)

(/usr/local/texlive/2018/texmf-dist/tex/latex/graphics-cfg/color.cfg
File: color.cfg 2016/01/02 v1.6 sample color configuration
)
Package xcolor Info: Driver file: pdftex.def on input line 225.
Package xcolor Info: Model `cmy' substituted by `cmy0' on input line 1348.
Package xcolor Info: Model `hsb' substituted by `rgb' on input line 1352.
Package xcolor Info: Model `RGB' extended on input line 1364.
Package xcolor Info: Model `HTML' substituted by `rgb' on input line 1366.
Package xcolor Info: Model `Hsb' substituted by `hsb' on input line 1367.
Package xcolor Info: Model `tHsb' substituted by `hsb' on input line 1368.
Package xcolor Info: Model `HSB' substituted by `hsb' on input line 1369.
Package xcolor Info: Model `Gray' substituted by `gray' on input line 1370.
Package xcolor Info: Model `wave' substituted by `hsb' on input line 1371.
)
(/usr/local/texlive/2018/texmf-dist/tex/generic/pgf/basiclayer/pgfcore.code.tex
Package: pgfcore 2010/04/11 v3.0.1a (rcs-revision 1.7)
(/usr/local/texlive/2018/texmf-dist/tex/generic/pgf/math/pgfmath.code.tex
(/usr/local/texlive/2018/texmf-dist/tex/generic/pgf/math/pgfmathcalc.code.tex
(/usr/local/texlive/2018/texmf-dist/tex/generic/pgf/math/pgfmathutil.code.tex)
(/usr/local/texlive/2018/texmf-dist/tex/generic/pgf/math/pgfmathparser.code.tex
\pgfmath@dimen=\dimen138
\pgfmath@count=\count114
\pgfmath@box=\box36
\pgfmath@toks=\toks23
\pgfmath@stack@operand=\toks24
\pgfmath@stack@operation=\toks25
)
(/usr/local/texlive/2018/texmf-dist/tex/generic/pgf/math/pgfmathfunctions.code.
tex
(/usr/local/texlive/2018/texmf-dist/tex/generic/pgf/math/pgfmathfunctions.basic
.code.tex)
(/usr/local/texlive/2018/texmf-dist/tex/generic/pgf/math/pgfmathfunctions.trigo
nometric.code.tex)
(/usr/local/texlive/2018/texmf-dist/tex/generic/pgf/math/pgfmathfunctions.rando
m.code.tex)
(/usr/local/texlive/2018/texmf-dist/tex/generic/pgf/math/pgfmathfunctions.compa
rison.code.tex)
(/usr/local/texlive/2018/texmf-dist/tex/generic/pgf/math/pgfmathfunctions.base.
code.tex)
(/usr/local/texlive/2018/texmf-dist/tex/generic/pgf/math/pgfmathfunctions.round
.code.tex)
(/usr/local/texlive/2018/texmf-dist/tex/generic/pgf/math/pgfmathfunctions.misc.
code.tex)
(/usr/local/texlive/2018/texmf-dist/tex/generic/pgf/math/pgfmathfunctions.integ
erarithmetics.code.tex)))
(/usr/local/texlive/2018/texmf-dist/tex/generic/pgf/math/pgfmathfloat.code.tex
\c@pgfmathroundto@lastzeros=\count115
))
(/usr/local/texlive/2018/texmf-dist/tex/generic/pgf/basiclayer/pgfcorepoints.co
de.tex
File: pgfcorepoints.code.tex 2013/10/07  (rcs-revision 1.27)
\pgf@picminx=\dimen139
\pgf@picmaxx=\dimen140
\pgf@picminy=\dimen141
\pgf@picmaxy=\dimen142
\pgf@pathminx=\dimen143
\pgf@pathmaxx=\dimen144
\pgf@pathminy=\dimen145
\pgf@pathmaxy=\dimen146
\pgf@xx=\dimen147
\pgf@xy=\dimen148
\pgf@yx=\dimen149
\pgf@yy=\dimen150
\pgf@zx=\dimen151
\pgf@zy=\dimen152
)
(/usr/local/texlive/2018/texmf-dist/tex/generic/pgf/basiclayer/pgfcorepathconst
ruct.code.tex
File: pgfcorepathconstruct.code.tex 2013/10/07  (rcs-revision 1.29)
\pgf@path@lastx=\dimen153
\pgf@path@lasty=\dimen154
)
(/usr/local/texlive/2018/texmf-dist/tex/generic/pgf/basiclayer/pgfcorepathusage
.code.tex
File: pgfcorepathusage.code.tex 2014/11/02  (rcs-revision 1.24)
\pgf@shorten@end@additional=\dimen155
\pgf@shorten@start@additional=\dimen156
)
(/usr/local/texlive/2018/texmf-dist/tex/generic/pgf/basiclayer/pgfcorescopes.co
de.tex
File: pgfcorescopes.code.tex 2015/05/08  (rcs-revision 1.46)
\pgfpic=\box37
\pgf@hbox=\box38
\pgf@layerbox@main=\box39
\pgf@picture@serial@count=\count116
)
(/usr/local/texlive/2018/texmf-dist/tex/generic/pgf/basiclayer/pgfcoregraphicst
ate.code.tex
File: pgfcoregraphicstate.code.tex 2014/11/02  (rcs-revision 1.12)
\pgflinewidth=\dimen157
)
(/usr/local/texlive/2018/texmf-dist/tex/generic/pgf/basiclayer/pgfcoretransform
ations.code.tex
File: pgfcoretransformations.code.tex 2015/08/07  (rcs-revision 1.20)
\pgf@pt@x=\dimen158
\pgf@pt@y=\dimen159
\pgf@pt@temp=\dimen160
)
(/usr/local/texlive/2018/texmf-dist/tex/generic/pgf/basiclayer/pgfcorequick.cod
e.tex
File: pgfcorequick.code.tex 2008/10/09  (rcs-revision 1.3)
)
(/usr/local/texlive/2018/texmf-dist/tex/generic/pgf/basiclayer/pgfcoreobjects.c
ode.tex
File: pgfcoreobjects.code.tex 2006/10/11  (rcs-revision 1.2)
)
(/usr/local/texlive/2018/texmf-dist/tex/generic/pgf/basiclayer/pgfcorepathproce
ssing.code.tex
File: pgfcorepathprocessing.code.tex 2013/09/09  (rcs-revision 1.9)
)
(/usr/local/texlive/2018/texmf-dist/tex/generic/pgf/basiclayer/pgfcorearrows.co
de.tex
File: pgfcorearrows.code.tex 2015/05/14  (rcs-revision 1.43)
\pgfarrowsep=\dimen161
)
(/usr/local/texlive/2018/texmf-dist/tex/generic/pgf/basiclayer/pgfcoreshade.cod
e.tex
File: pgfcoreshade.code.tex 2013/07/15  (rcs-revision 1.15)
\pgf@max=\dimen162
\pgf@sys@shading@range@num=\count117
)
(/usr/local/texlive/2018/texmf-dist/tex/generic/pgf/basiclayer/pgfcoreimage.cod
e.tex
File: pgfcoreimage.code.tex 2013/07/15  (rcs-revision 1.18)

(/usr/local/texlive/2018/texmf-dist/tex/generic/pgf/basiclayer/pgfcoreexternal.
code.tex
File: pgfcoreexternal.code.tex 2014/07/09  (rcs-revision 1.21)
\pgfexternal@startupbox=\box40
))
(/usr/local/texlive/2018/texmf-dist/tex/generic/pgf/basiclayer/pgfcorelayers.co
de.tex
File: pgfcorelayers.code.tex 2013/07/18  (rcs-revision 1.7)
)
(/usr/local/texlive/2018/texmf-dist/tex/generic/pgf/basiclayer/pgfcoretranspare
ncy.code.tex
File: pgfcoretransparency.code.tex 2013/09/30  (rcs-revision 1.5)
)
(/usr/local/texlive/2018/texmf-dist/tex/generic/pgf/basiclayer/pgfcorepatterns.
code.tex
File: pgfcorepatterns.code.tex 2013/11/07  (rcs-revision 1.5)
)))
(/usr/local/texlive/2018/texmf-dist/tex/latex/pgf/utilities/xxcolor.sty
Package: xxcolor 2003/10/24 ver 0.1
\XC@nummixins=\count118
\XC@countmixins=\count119
)
(/usr/local/texlive/2018/texmf-dist/tex/generic/oberdiek/atbegshi.sty
Package: atbegshi 2016/06/09 v1.18 At begin shipout hook (HO)

(/usr/local/texlive/2018/texmf-dist/tex/generic/oberdiek/infwarerr.sty
Package: infwarerr 2016/05/16 v1.4 Providing info/warning/error messages (HO)
)
(/usr/local/texlive/2018/texmf-dist/tex/generic/oberdiek/ltxcmds.sty
Package: ltxcmds 2016/05/16 v1.23 LaTeX kernel commands for general use (HO)
))
(/usr/local/texlive/2018/texmf-dist/tex/latex/hyperref/hyperref.sty
Package: hyperref 2018/11/30 v6.88e Hypertext links for LaTeX

(/usr/local/texlive/2018/texmf-dist/tex/generic/oberdiek/hobsub-hyperref.sty
Package: hobsub-hyperref 2016/05/16 v1.14 Bundle oberdiek, subset hyperref (HO)


(/usr/local/texlive/2018/texmf-dist/tex/generic/oberdiek/hobsub-generic.sty
Package: hobsub-generic 2016/05/16 v1.14 Bundle oberdiek, subset generic (HO)
Package: hobsub 2016/05/16 v1.14 Construct package bundles (HO)
Package hobsub Info: Skipping package `infwarerr' (already loaded).
Package hobsub Info: Skipping package `ltxcmds' (already loaded).
Package: ifluatex 2016/05/16 v1.4 Provides the ifluatex switch (HO)
Package ifluatex Info: LuaTeX not detected.
Package hobsub Info: Skipping package `ifvtex' (already loaded).
Package: intcalc 2016/05/16 v1.2 Expandable calculations with integers (HO)
Package hobsub Info: Skipping package `ifpdf' (already loaded).
Package: etexcmds 2016/05/16 v1.6 Avoid name clashes with e-TeX commands (HO)
Package etexcmds Info: Could not find \expanded.
(etexcmds)             That can mean that you are not using pdfTeX 1.50 or
(etexcmds)             that some package has redefined \expanded.
(etexcmds)             In the latter case, load this package earlier.
Package: kvsetkeys 2016/05/16 v1.17 Key value parser (HO)
Package: kvdefinekeys 2016/05/16 v1.4 Define keys (HO)
Package: pdftexcmds 2018/09/10 v0.29 Utility functions of pdfTeX for LuaTeX (HO
)
Package pdftexcmds Info: LuaTeX not detected.
Package pdftexcmds Info: \pdf@primitive is available.
Package pdftexcmds Info: \pdf@ifprimitive is available.
Package pdftexcmds Info: \pdfdraftmode found.
Package: pdfescape 2016/05/16 v1.14 Implements pdfTeX's escape features (HO)
Package: bigintcalc 2016/05/16 v1.4 Expandable calculations on big integers (HO
)
Package: bitset 2016/05/16 v1.2 Handle bit-vector datatype (HO)
Package: uniquecounter 2016/05/16 v1.3 Provide unlimited unique counter (HO)
)
Package hobsub Info: Skipping package `hobsub' (already loaded).
Package: letltxmacro 2016/05/16 v1.5 Let assignment for LaTeX macros (HO)
Package: hopatch 2016/05/16 v1.3 Wrapper for package hooks (HO)
Package: xcolor-patch 2016/05/16 xcolor patch
Package: atveryend 2016/05/16 v1.9 Hooks at the very end of document (HO)
Package hobsub Info: Skipping package `atbegshi' (already loaded).
Package: refcount 2016/05/16 v3.5 Data extraction from label references (HO)
Package: hycolor 2016/05/16 v1.8 Color options for hyperref/bookmark (HO)
)
(/usr/local/texlive/2018/texmf-dist/tex/latex/oberdiek/auxhook.sty
Package: auxhook 2016/05/16 v1.4 Hooks for auxiliary files (HO)
)
(/usr/local/texlive/2018/texmf-dist/tex/latex/oberdiek/kvoptions.sty
Package: kvoptions 2016/05/16 v3.12 Key value format for package options (HO)
)
\@linkdim=\dimen163
\Hy@linkcounter=\count120
\Hy@pagecounter=\count121

(/usr/local/texlive/2018/texmf-dist/tex/latex/hyperref/pd1enc.def
File: pd1enc.def 2018/11/30 v6.88e Hyperref: PDFDocEncoding definition (HO)
Now handling font encoding PD1 ...
... no UTF-8 mapping file for font encoding PD1
)
\Hy@SavedSpaceFactor=\count122

(/usr/local/texlive/2018/texmf-dist/tex/latex/latexconfig/hyperref.cfg
File: hyperref.cfg 2002/06/06 v1.2 hyperref configuration of TeXLive
)
Package hyperref Info: Option `bookmarks' set `true' on input line 4393.
Package hyperref Info: Option `bookmarksopen' set `true' on input line 4393.
Package hyperref Info: Option `implicit' set `false' on input line 4393.
Package hyperref Info: Hyper figures OFF on input line 4519.
Package hyperref Info: Link nesting OFF on input line 4524.
Package hyperref Info: Hyper index ON on input line 4527.
Package hyperref Info: Plain pages OFF on input line 4534.
Package hyperref Info: Backreferencing OFF on input line 4539.
Package hyperref Info: Implicit mode OFF; no redefinition of LaTeX internals.
Package hyperref Info: Bookmarks ON on input line 4772.
\c@Hy@tempcnt=\count123

(/usr/local/texlive/2018/texmf-dist/tex/latex/url/url.sty
\Urlmuskip=\muskip10
Package: url 2013/09/16  ver 3.4  Verb mode for urls, etc.
)
LaTeX Info: Redefining \url on input line 5125.
\XeTeXLinkMargin=\dimen164
\Fld@menulength=\count124
\Field@Width=\dimen165
\Fld@charsize=\dimen166
Package hyperref Info: Hyper figures OFF on input line 6380.
Package hyperref Info: Link nesting OFF on input line 6385.
Package hyperref Info: Hyper index ON on input line 6388.
Package hyperref Info: backreferencing OFF on input line 6395.
Package hyperref Info: Link coloring OFF on input line 6400.
Package hyperref Info: Link coloring with OCG OFF on input line 6405.
Package hyperref Info: PDF/A mode OFF on input line 6410.
LaTeX Info: Redefining \ref on input line 6450.
LaTeX Info: Redefining \pageref on input line 6454.
\Hy@abspage=\count125


Package hyperref Message: Stopped early.

)
Package hyperref Info: Driver (autodetected): hpdftex.
 (/usr/local/texlive/2018/texmf-dist/tex/latex/hyperref/hpdftex.def
File: hpdftex.def 2018/11/30 v6.88e Hyperref driver for pdfTeX
\Fld@listcount=\count126
\c@bookmark@seq@number=\count127

(/usr/local/texlive/2018/texmf-dist/tex/latex/oberdiek/rerunfilecheck.sty
Package: rerunfilecheck 2016/05/16 v1.8 Rerun checks for auxiliary files (HO)
Package uniquecounter Info: New unique counter `rerunfilecheck' on input line 2
82.
))
(/usr/local/texlive/2018/texmf-dist/tex/latex/beamer/beamerbaserequires.sty
(/usr/local/texlive/2018/texmf-dist/tex/latex/beamer/beamerbasecompatibility.st
y) (/usr/local/texlive/2018/texmf-dist/tex/latex/beamer/beamerbasefont.sty
(/usr/local/texlive/2018/texmf-dist/tex/latex/amsfonts/amssymb.sty
Package: amssymb 2013/01/14 v3.01 AMS font symbols

(/usr/local/texlive/2018/texmf-dist/tex/latex/amsfonts/amsfonts.sty
Package: amsfonts 2013/01/14 v3.01 Basic AMSFonts support
\@emptytoks=\toks26
\symAMSa=\mathgroup4
\symAMSb=\mathgroup5
LaTeX Font Info:    Overwriting math alphabet `\mathfrak' in version `bold'
(Font)                  U/euf/m/n --> U/euf/b/n on input line 106.
))
(/usr/local/texlive/2018/texmf-dist/tex/latex/sansmathaccent/sansmathaccent.sty
Package: sansmathaccent 2013/03/28
(/usr/local/texlive/2018/texmf-dist/tex/latex/filehook/filehook.sty
Package: filehook 2011/10/12 v0.5d Hooks for input files
)))
(/usr/local/texlive/2018/texmf-dist/tex/latex/beamer/beamerbasetranslator.sty
(/usr/local/texlive/2018/texmf-dist/tex/latex/translator/translator.sty
Package: translator 2018/01/04 v1.12 Easy translation of strings in LaTeX
))
(/usr/local/texlive/2018/texmf-dist/tex/latex/beamer/beamerbasemisc.sty)
(/usr/local/texlive/2018/texmf-dist/tex/latex/beamer/beamerbasetwoscreens.sty)
(/usr/local/texlive/2018/texmf-dist/tex/latex/beamer/beamerbaseoverlay.sty
\beamer@argscount=\count128
\beamer@lastskipcover=\skip44
\beamer@trivlistdepth=\count129
)
(/usr/local/texlive/2018/texmf-dist/tex/latex/beamer/beamerbasetitle.sty)
(/usr/local/texlive/2018/texmf-dist/tex/latex/beamer/beamerbasesection.sty
\c@lecture=\count130
\c@part=\count131
\c@section=\count132
\c@subsection=\count133
\c@subsubsection=\count134
)
(/usr/local/texlive/2018/texmf-dist/tex/latex/beamer/beamerbaseframe.sty
\beamer@framebox=\box41
\beamer@frametitlebox=\box42
\beamer@zoombox=\box43
\beamer@zoomcount=\count135
\beamer@zoomframecount=\count136
\beamer@frametextheight=\dimen167
\c@subsectionslide=\count137
\beamer@frametopskip=\skip45
\beamer@framebottomskip=\skip46
\beamer@frametopskipautobreak=\skip47
\beamer@framebottomskipautobreak=\skip48
\beamer@envbody=\toks27
\framewidth=\dimen168
\c@framenumber=\count138
)
(/usr/local/texlive/2018/texmf-dist/tex/latex/beamer/beamerbaseverbatim.sty
\beamer@verbatimfileout=\write4
)
(/usr/local/texlive/2018/texmf-dist/tex/latex/beamer/beamerbaseframesize.sty
\beamer@splitbox=\box44
\beamer@autobreakcount=\count139
\beamer@autobreaklastheight=\dimen169
\beamer@frametitletoks=\toks28
\beamer@framesubtitletoks=\toks29
)
(/usr/local/texlive/2018/texmf-dist/tex/latex/beamer/beamerbaseframecomponents.
sty
\beamer@footins=\box45
) (/usr/local/texlive/2018/texmf-dist/tex/latex/beamer/beamerbasecolor.sty)
(/usr/local/texlive/2018/texmf-dist/tex/latex/beamer/beamerbasenotes.sty
\beamer@frameboxcopy=\box46
)
(/usr/local/texlive/2018/texmf-dist/tex/latex/beamer/beamerbasetoc.sty)
(/usr/local/texlive/2018/texmf-dist/tex/latex/beamer/beamerbasetemplates.sty
\beamer@sbttoks=\toks30

(/usr/local/texlive/2018/texmf-dist/tex/latex/beamer/beamerbaseauxtemplates.sty
(/usr/local/texlive/2018/texmf-dist/tex/latex/beamer/beamerbaseboxes.sty
\bmb@box=\box47
\bmb@colorbox=\box48
\bmb@boxshadow=\box49
\bmb@boxshadowball=\box50
\bmb@boxshadowballlarge=\box51
\bmb@temp=\dimen170
\bmb@dima=\dimen171
\bmb@dimb=\dimen172
\bmb@prevheight=\dimen173
)
\beamer@blockheadheight=\dimen174
))
(/usr/local/texlive/2018/texmf-dist/tex/latex/beamer/beamerbaselocalstructure.s
ty (/usr/local/texlive/2018/texmf-dist/tex/latex/tools/enumerate.sty
Package: enumerate 2015/07/23 v3.00 enumerate extensions (DPC)
\@enLab=\toks31
)
\c@figure=\count140
\c@table=\count141
\abovecaptionskip=\skip49
\belowcaptionskip=\skip50
)
(/usr/local/texlive/2018/texmf-dist/tex/latex/beamer/beamerbasenavigation.sty
\beamer@section@min@dim=\dimen175
)
(/usr/local/texlive/2018/texmf-dist/tex/latex/beamer/beamerbasetheorems.sty
(/usr/local/texlive/2018/texmf-dist/tex/latex/amsmath/amsmath.sty
Package: amsmath 2018/12/01 v2.17b AMS math features
\@mathmargin=\skip51

For additional information on amsmath, use the `?' option.
(/usr/local/texlive/2018/texmf-dist/tex/latex/amsmath/amstext.sty
Package: amstext 2000/06/29 v2.01 AMS text

(/usr/local/texlive/2018/texmf-dist/tex/latex/amsmath/amsgen.sty
File: amsgen.sty 1999/11/30 v2.0 generic functions
\@emptytoks=\toks32
\ex@=\dimen176
))
(/usr/local/texlive/2018/texmf-dist/tex/latex/amsmath/amsbsy.sty
Package: amsbsy 1999/11/29 v1.2d Bold Symbols
\pmbraise@=\dimen177
)
(/usr/local/texlive/2018/texmf-dist/tex/latex/amsmath/amsopn.sty
Package: amsopn 2016/03/08 v2.02 operator names
)
\inf@bad=\count142
LaTeX Info: Redefining \frac on input line 223.
\uproot@=\count143
\leftroot@=\count144
LaTeX Info: Redefining \overline on input line 385.
\classnum@=\count145
\DOTSCASE@=\count146
LaTeX Info: Redefining \ldots on input line 482.
LaTeX Info: Redefining \dots on input line 485.
LaTeX Info: Redefining \cdots on input line 606.
\Mathstrutbox@=\box52
\strutbox@=\box53
\big@size=\dimen178
LaTeX Font Info:    Redeclaring font encoding OML on input line 729.
LaTeX Font Info:    Redeclaring font encoding OMS on input line 730.
\macc@depth=\count147
\c@MaxMatrixCols=\count148
\dotsspace@=\muskip11
\c@parentequation=\count149
\dspbrk@lvl=\count150
\tag@help=\toks33
\row@=\count151
\column@=\count152
\maxfields@=\count153
\andhelp@=\toks34
\eqnshift@=\dimen179
\alignsep@=\dimen180
\tagshift@=\dimen181
\tagwidth@=\dimen182
\totwidth@=\dimen183
\lineht@=\dimen184
\@envbody=\toks35
\multlinegap=\skip52
\multlinetaggap=\skip53
\mathdisplay@stack=\toks36
LaTeX Info: Redefining \[ on input line 2844.
LaTeX Info: Redefining \] on input line 2845.
)
(/usr/local/texlive/2018/texmf-dist/tex/latex/amscls/amsthm.sty
Package: amsthm 2017/10/31 v2.20.4
\thm@style=\toks37
\thm@bodyfont=\toks38
\thm@headfont=\toks39
\thm@notefont=\toks40
\thm@headpunct=\toks41
\thm@preskip=\skip54
\thm@postskip=\skip55
\thm@headsep=\skip56
\dth@everypar=\toks42
)
\c@theorem=\count154
)
(/usr/local/texlive/2018/texmf-dist/tex/latex/beamer/beamerbasethemes.sty))
(/usr/local/texlive/2018/texmf-dist/tex/latex/beamer/beamerthemedefault.sty
(/usr/local/texlive/2018/texmf-dist/tex/latex/beamer/beamerfontthemedefault.sty
)
(/usr/local/texlive/2018/texmf-dist/tex/latex/beamer/beamercolorthemedefault.st
y)
(/usr/local/texlive/2018/texmf-dist/tex/latex/beamer/beamerinnerthemedefault.st
y
\beamer@dima=\dimen185
\beamer@dimb=\dimen186
)
(/usr/local/texlive/2018/texmf-dist/tex/latex/beamer/beamerouterthemedefault.st
y))) (/usr/local/texlive/2018/texmf-dist/tex/generic/babel/babel.sty
Package: babel 2018/11/13 3.27 The Babel package

(/usr/local/texlive/2018/texmf-dist/tex/generic/babel/switch.def
File: switch.def 2018/11/13 3.27 Babel switching mechanism
)
(/usr/local/texlive/2018/texmf-dist/tex/generic/babel-english/english.ldf
Language: english 2017/06/06 v3.3r English support from the babel system

(/usr/local/texlive/2018/texmf-dist/tex/generic/babel/babel.def
File: babel.def 2018/11/13 3.27 Babel common definitions
\babel@savecnt=\count155
\U@D=\dimen187

(/usr/local/texlive/2018/texmf-dist/tex/generic/babel/txtbabel.def)
LaTeX Info: Redefining \textlatin on input line 2003.
\bbl@dirlevel=\count156
)
\l@canadian = a dialect from \language\l@american 
\l@australian = a dialect from \language\l@british 
\l@newzealand = a dialect from \language\l@british 
))
(/usr/local/texlive/2018/texmf-dist/tex/latex/base/fontenc.sty
Package: fontenc 2018/08/11 v2.0j Standard LaTeX package

(/usr/local/texlive/2018/texmf-dist/tex/latex/base/t1enc.def
File: t1enc.def 2018/08/11 v2.0j Standard LaTeX file
LaTeX Font Info:    Redeclaring font encoding T1 on input line 48.
))
(/usr/local/texlive/2018/texmf-dist/tex/latex/base/inputenc.sty
Package: inputenc 2018/08/11 v1.3c Input encoding file
\inpenc@prehook=\toks43
\inpenc@posthook=\toks44
)
(/usr/local/texlive/2018/texmf-dist/tex/latex/mathtools/mathtools.sty
Package: mathtools 2018/01/08 v1.21 mathematical typesetting tools

(/usr/local/texlive/2018/texmf-dist/tex/latex/tools/calc.sty
Package: calc 2017/05/25 v4.3 Infix arithmetic (KKT,FJ)
\calc@Acount=\count157
\calc@Bcount=\count158
\calc@Adimen=\dimen188
\calc@Bdimen=\dimen189
\calc@Askip=\skip57
\calc@Bskip=\skip58
LaTeX Info: Redefining \setlength on input line 80.
LaTeX Info: Redefining \addtolength on input line 81.
\calc@Ccount=\count159
\calc@Cskip=\skip59
)
(/usr/local/texlive/2018/texmf-dist/tex/latex/mathtools/mhsetup.sty
Package: mhsetup 2017/03/31 v1.3 programming setup (MH)
)
LaTeX Info: Thecontrolsequence`\('isalreadyrobust on input line 129.
LaTeX Info: Thecontrolsequence`\)'isalreadyrobust on input line 129.
LaTeX Info: Thecontrolsequence`\['isalreadyrobust on input line 129.
LaTeX Info: Thecontrolsequence`\]'isalreadyrobust on input line 129.
\g_MT_multlinerow_int=\count160
\l_MT_multwidth_dim=\dimen190
\origjot=\skip60
\l_MT_shortvdotswithinadjustabove_dim=\dimen191
\l_MT_shortvdotswithinadjustbelow_dim=\dimen192
\l_MT_above_intertext_sep=\dimen193
\l_MT_below_intertext_sep=\dimen194
\l_MT_above_shortintertext_sep=\dimen195
\l_MT_below_shortintertext_sep=\dimen196
)
(/usr/local/texlive/2018/texmf-dist/tex/latex/colortbl/colortbl.sty
Package: colortbl 2018/12/12 v1.0d Color table columns (DPC)

(/usr/local/texlive/2018/texmf-dist/tex/latex/tools/array.sty
Package: array 2018/11/13 v2.4j Tabular extension package (FMi)
\col@sep=\dimen197
\ar@mcellbox=\box54
\extrarowheight=\dimen198
\NC@list=\toks45
\extratabsurround=\skip61
\backup@length=\skip62
\ar@cellbox=\box55
)
\everycr=\toks46
\minrowclearance=\skip63
)
(/usr/local/texlive/2018/texmf-dist/tex/latex/libertine/libertine.sty
Package: libertine 2018/01/03 (Bob Tennent) Supports Libertine and Biolinum fon
ts for all LaTeX engines.

(/usr/local/texlive/2018/texmf-dist/tex/latex/xkeyval/xkeyval.sty
Package: xkeyval 2014/12/03 v2.7a package option processing (HA)

(/usr/local/texlive/2018/texmf-dist/tex/generic/xkeyval/xkeyval.tex
(/usr/local/texlive/2018/texmf-dist/tex/generic/xkeyval/xkvutils.tex
\XKV@toks=\toks47
\XKV@tempa@toks=\toks48
)
\XKV@depth=\count161
File: xkeyval.tex 2014/12/03 v2.7a key=value parser (HA)
))
(/usr/local/texlive/2018/texmf-dist/tex/latex/base/textcomp.sty
Package: textcomp 2018/08/11 v2.0j Standard LaTeX package
Package textcomp Info: Sub-encoding information:
(textcomp)               5 = only ISO-Adobe without \textcurrency
(textcomp)               4 = 5 + \texteuro
(textcomp)               3 = 4 + \textohm
(textcomp)               2 = 3 + \textestimated + \textcurrency
(textcomp)               1 = TS1 - \textcircled - \t
(textcomp)               0 = TS1 (full)
(textcomp)             Font families with sub-encoding setting implement
(textcomp)             only a restricted character set as indicated.
(textcomp)             Family '?' is the default used for unknown fonts.
(textcomp)             See the documentation for details.
Package textcomp Info: Setting ? sub-encoding to TS1/1 on input line 79.

(/usr/local/texlive/2018/texmf-dist/tex/latex/base/ts1enc.def
File: ts1enc.def 2001/06/05 v3.0e (jk/car/fm) Standard LaTeX file
Now handling font encoding TS1 ...
... processing UTF-8 mapping file for font encoding TS1

(/usr/local/texlive/2018/texmf-dist/tex/latex/base/ts1enc.dfu
File: ts1enc.dfu 2018/10/05 v1.2f UTF-8 support for inputenc
   defining Unicode char U+00A2 (decimal 162)
   defining Unicode char U+00A3 (decimal 163)
   defining Unicode char U+00A4 (decimal 164)
   defining Unicode char U+00A5 (decimal 165)
   defining Unicode char U+00A6 (decimal 166)
   defining Unicode char U+00A7 (decimal 167)
   defining Unicode char U+00A8 (decimal 168)
   defining Unicode char U+00A9 (decimal 169)
   defining Unicode char U+00AA (decimal 170)
   defining Unicode char U+00AC (decimal 172)
   defining Unicode char U+00AE (decimal 174)
   defining Unicode char U+00AF (decimal 175)
   defining Unicode char U+00B0 (decimal 176)
   defining Unicode char U+00B1 (decimal 177)
   defining Unicode char U+00B2 (decimal 178)
   defining Unicode char U+00B3 (decimal 179)
   defining Unicode char U+00B4 (decimal 180)
   defining Unicode char U+00B5 (decimal 181)
   defining Unicode char U+00B6 (decimal 182)
   defining Unicode char U+00B7 (decimal 183)
   defining Unicode char U+00B9 (decimal 185)
   defining Unicode char U+00BA (decimal 186)
   defining Unicode char U+00BC (decimal 188)
   defining Unicode char U+00BD (decimal 189)
   defining Unicode char U+00BE (decimal 190)
   defining Unicode char U+00D7 (decimal 215)
   defining Unicode char U+00F7 (decimal 247)
   defining Unicode char U+0192 (decimal 402)
   defining Unicode char U+02C7 (decimal 711)
   defining Unicode char U+02D8 (decimal 728)
   defining Unicode char U+02DD (decimal 733)
   defining Unicode char U+0E3F (decimal 3647)
   defining Unicode char U+2016 (decimal 8214)
   defining Unicode char U+2020 (decimal 8224)
   defining Unicode char U+2021 (decimal 8225)
   defining Unicode char U+2022 (decimal 8226)
   defining Unicode char U+2030 (decimal 8240)
   defining Unicode char U+2031 (decimal 8241)
   defining Unicode char U+203B (decimal 8251)
   defining Unicode char U+203D (decimal 8253)
   defining Unicode char U+2044 (decimal 8260)
   defining Unicode char U+204E (decimal 8270)
   defining Unicode char U+2052 (decimal 8274)
   defining Unicode char U+20A1 (decimal 8353)
   defining Unicode char U+20A4 (decimal 8356)
   defining Unicode char U+20A6 (decimal 8358)
   defining Unicode char U+20A9 (decimal 8361)
   defining Unicode char U+20AB (decimal 8363)
   defining Unicode char U+20AC (decimal 8364)
   defining Unicode char U+20B1 (decimal 8369)
   defining Unicode char U+2103 (decimal 8451)
   defining Unicode char U+2116 (decimal 8470)
   defining Unicode char U+2117 (decimal 8471)
   defining Unicode char U+211E (decimal 8478)
   defining Unicode char U+2120 (decimal 8480)
   defining Unicode char U+2122 (decimal 8482)
   defining Unicode char U+2126 (decimal 8486)
   defining Unicode char U+2127 (decimal 8487)
   defining Unicode char U+212E (decimal 8494)
   defining Unicode char U+2190 (decimal 8592)
   defining Unicode char U+2191 (decimal 8593)
   defining Unicode char U+2192 (decimal 8594)
   defining Unicode char U+2193 (decimal 8595)
   defining Unicode char U+2329 (decimal 9001)
   defining Unicode char U+232A (decimal 9002)
   defining Unicode char U+2422 (decimal 9250)
   defining Unicode char U+25E6 (decimal 9702)
   defining Unicode char U+25EF (decimal 9711)
   defining Unicode char U+266A (decimal 9834)
   defining Unicode char U+FEFF (decimal 65279)
))
LaTeX Info: Redefining \oldstylenums on input line 334.
Package textcomp Info: Setting cmr sub-encoding to TS1/0 on input line 349.
Package textcomp Info: Setting cmss sub-encoding to TS1/0 on input line 350.
Package textcomp Info: Setting cmtt sub-encoding to TS1/0 on input line 351.
Package textcomp Info: Setting cmvtt sub-encoding to TS1/0 on input line 352.
Package textcomp Info: Setting cmbr sub-encoding to TS1/0 on input line 353.
Package textcomp Info: Setting cmtl sub-encoding to TS1/0 on input line 354.
Package textcomp Info: Setting ccr sub-encoding to TS1/0 on input line 355.
Package textcomp Info: Setting ptm sub-encoding to TS1/4 on input line 356.
Package textcomp Info: Setting pcr sub-encoding to TS1/4 on input line 357.
Package textcomp Info: Setting phv sub-encoding to TS1/4 on input line 358.
Package textcomp Info: Setting ppl sub-encoding to TS1/3 on input line 359.
Package textcomp Info: Setting pag sub-encoding to TS1/4 on input line 360.
Package textcomp Info: Setting pbk sub-encoding to TS1/4 on input line 361.
Package textcomp Info: Setting pnc sub-encoding to TS1/4 on input line 362.
Package textcomp Info: Setting pzc sub-encoding to TS1/4 on input line 363.
Package textcomp Info: Setting bch sub-encoding to TS1/4 on input line 364.
Package textcomp Info: Setting put sub-encoding to TS1/5 on input line 365.
Package textcomp Info: Setting uag sub-encoding to TS1/5 on input line 366.
Package textcomp Info: Setting ugq sub-encoding to TS1/5 on input line 367.
Package textcomp Info: Setting ul8 sub-encoding to TS1/4 on input line 368.
Package textcomp Info: Setting ul9 sub-encoding to TS1/4 on input line 369.
Package textcomp Info: Setting augie sub-encoding to TS1/5 on input line 370.
Package textcomp Info: Setting dayrom sub-encoding to TS1/3 on input line 371.
Package textcomp Info: Setting dayroms sub-encoding to TS1/3 on input line 372.

Package textcomp Info: Setting pxr sub-encoding to TS1/0 on input line 373.
Package textcomp Info: Setting pxss sub-encoding to TS1/0 on input line 374.
Package textcomp Info: Setting pxtt sub-encoding to TS1/0 on input line 375.
Package textcomp Info: Setting txr sub-encoding to TS1/0 on input line 376.
Package textcomp Info: Setting txss sub-encoding to TS1/0 on input line 377.
Package textcomp Info: Setting txtt sub-encoding to TS1/0 on input line 378.
Package textcomp Info: Setting lmr sub-encoding to TS1/0 on input line 379.
Package textcomp Info: Setting lmdh sub-encoding to TS1/0 on input line 380.
Package textcomp Info: Setting lmss sub-encoding to TS1/0 on input line 381.
Package textcomp Info: Setting lmssq sub-encoding to TS1/0 on input line 382.
Package textcomp Info: Setting lmvtt sub-encoding to TS1/0 on input line 383.
Package textcomp Info: Setting lmtt sub-encoding to TS1/0 on input line 384.
Package textcomp Info: Setting qhv sub-encoding to TS1/0 on input line 385.
Package textcomp Info: Setting qag sub-encoding to TS1/0 on input line 386.
Package textcomp Info: Setting qbk sub-encoding to TS1/0 on input line 387.
Package textcomp Info: Setting qcr sub-encoding to TS1/0 on input line 388.
Package textcomp Info: Setting qcs sub-encoding to TS1/0 on input line 389.
Package textcomp Info: Setting qpl sub-encoding to TS1/0 on input line 390.
Package textcomp Info: Setting qtm sub-encoding to TS1/0 on input line 391.
Package textcomp Info: Setting qzc sub-encoding to TS1/0 on input line 392.
Package textcomp Info: Setting qhvc sub-encoding to TS1/0 on input line 393.
Package textcomp Info: Setting futs sub-encoding to TS1/4 on input line 394.
Package textcomp Info: Setting futx sub-encoding to TS1/4 on input line 395.
Package textcomp Info: Setting futj sub-encoding to TS1/4 on input line 396.
Package textcomp Info: Setting hlh sub-encoding to TS1/3 on input line 397.
Package textcomp Info: Setting hls sub-encoding to TS1/3 on input line 398.
Package textcomp Info: Setting hlst sub-encoding to TS1/3 on input line 399.
Package textcomp Info: Setting hlct sub-encoding to TS1/5 on input line 400.
Package textcomp Info: Setting hlx sub-encoding to TS1/5 on input line 401.
Package textcomp Info: Setting hlce sub-encoding to TS1/5 on input line 402.
Package textcomp Info: Setting hlcn sub-encoding to TS1/5 on input line 403.
Package textcomp Info: Setting hlcw sub-encoding to TS1/5 on input line 404.
Package textcomp Info: Setting hlcf sub-encoding to TS1/5 on input line 405.
Package textcomp Info: Setting pplx sub-encoding to TS1/3 on input line 406.
Package textcomp Info: Setting pplj sub-encoding to TS1/3 on input line 407.
Package textcomp Info: Setting ptmx sub-encoding to TS1/4 on input line 408.
Package textcomp Info: Setting ptmj sub-encoding to TS1/4 on input line 409.
)
(/usr/local/texlive/2018/texmf-dist/tex/latex/mweights/mweights.sty
Package: mweights 2017/03/30 (Bob Tennent) Support package for multiple-weight 
font packages. 
LaTeX Info: Redefining \bfseries on input line 22.
LaTeX Info: Redefining \mdseries on input line 30.
LaTeX Info: Redefining \rmfamily on input line 38.
LaTeX Info: Redefining \sffamily on input line 66.
LaTeX Info: Redefining \ttfamily on input line 94.
)
(/usr/local/texlive/2018/texmf-dist/tex/latex/base/fontenc.sty
Package: fontenc 2018/08/11 v2.0j Standard LaTeX package
)
(/usr/local/texlive/2018/texmf-dist/tex/latex/fontaxes/fontaxes.sty
Package: fontaxes 2014/03/23 v1.0d Font selection axes
LaTeX Info: Redefining \upshape on input line 29.
LaTeX Info: Redefining \itshape on input line 31.
LaTeX Info: Redefining \slshape on input line 33.
LaTeX Info: Redefining \scshape on input line 37.
)
LaTeX Info: Redefining \oldstylenums on input line 490.

(/usr/local/texlive/2018/texmf-dist/tex/latex/libertine/LinLibertine_I.tex))
(/usr/local/texlive/2018/texmf-dist/tex/latex/beamer/beamerfontthemeserif.sty)

Package hyperref Warning: Token not allowed in a PDF string (PDFDocEncoding):
(hyperref)                removing `\hfill' on input line 37.


Package hyperref Warning: Token not allowed in a PDF string (PDFDocEncoding):
(hyperref)                removing `\hfill' on input line 37.

(./main.aux)
\openout1 = `main.aux'.

LaTeX Font Info:    Checking defaults for OML/cmm/m/it on input line 50.
LaTeX Font Info:    ... okay on input line 50.
LaTeX Font Info:    Checking defaults for T1/cmr/m/n on input line 50.
LaTeX Font Info:    ... okay on input line 50.
LaTeX Font Info:    Checking defaults for OT1/cmr/m/n on input line 50.
LaTeX Font Info:    ... okay on input line 50.
LaTeX Font Info:    Checking defaults for OMS/cmsy/m/n on input line 50.
LaTeX Font Info:    ... okay on input line 50.
LaTeX Font Info:    Checking defaults for OMX/cmex/m/n on input line 50.
LaTeX Font Info:    ... okay on input line 50.
LaTeX Font Info:    Checking defaults for U/cmr/m/n on input line 50.
LaTeX Font Info:    ... okay on input line 50.
LaTeX Font Info:    Checking defaults for PD1/pdf/m/n on input line 50.
LaTeX Font Info:    ... okay on input line 50.
LaTeX Font Info:    Checking defaults for TS1/cmr/m/n on input line 50.
LaTeX Font Info:    Try loading font information for TS1+cmr on input line 50.
 (/usr/local/texlive/2018/texmf-dist/tex/latex/base/ts1cmr.fd
File: ts1cmr.fd 2014/09/29 v2.5h Standard LaTeX font definitions
)
LaTeX Font Info:    ... okay on input line 50.
LaTeX Font Info:    Try loading font information for T1+LinuxBiolinumT-TLF on i
nput line 50.

(/usr/local/texlive/2018/texmf-dist/tex/latex/libertine/T1LinuxBiolinumT-TLF.fd
File: T1LinuxBiolinumT-TLF.fd 2017/03/20 (autoinst) Font definitions for T1/Lin
uxBiolinumT-TLF.
)
LaTeX Font Info:    Font shape `T1/LinuxBiolinumT-TLF/m/n' will be
(Font)              scaled to size 10.95pt on input line 50.

*geometry* driver: auto-detecting
*geometry* detected driver: pdftex
*geometry* verbose mode - [ preamble ] result:
* driver: pdftex
* paper: custom
* layout: <same size as paper>
* layoutoffset:(h,v)=(0.0pt,0.0pt)
* modes: includehead includefoot 
* h-part:(L,W,R)=(10.0pt, 344.19536pt, 10.0pt)
* v-part:(T,H,B)=(0.0pt, 273.14662pt, 0.0pt)
* \paperwidth=364.19536pt
* \paperheight=273.14662pt
* \textwidth=344.19536pt
* \textheight=244.6939pt
* \oddsidemargin=-62.26999pt
* \evensidemargin=-62.26999pt
* \topmargin=-72.26999pt
* \headheight=14.22636pt
* \headsep=0.0pt
* \topskip=11.0pt
* \footskip=14.22636pt
* \marginparwidth=4.0pt
* \marginparsep=10.0pt
* \columnsep=10.0pt
* \skip\footins=10.0pt plus 4.0pt minus 2.0pt
* \hoffset=0.0pt
* \voffset=0.0pt
* \mag=1000
* \@twocolumnfalse
* \@twosidefalse
* \@mparswitchfalse
* \@reversemarginfalse
* (1in=72.27pt=25.4mm, 1cm=28.453pt)

(/usr/local/texlive/2018/texmf-dist/tex/context/base/mkii/supp-pdf.mkii
[Loading MPS to PDF converter (version 2006.09.02).]
\scratchcounter=\count162
\scratchdimen=\dimen199
\scratchbox=\box56
\nofMPsegments=\count163
\nofMParguments=\count164
\everyMPshowfont=\toks49
\MPscratchCnt=\count165
\MPscratchDim=\dimen256
\MPnumerator=\count166
\makeMPintoPDFobject=\count167
\everyMPtoPDFconversion=\toks50
) (/usr/local/texlive/2018/texmf-dist/tex/latex/oberdiek/epstopdf-base.sty
Package: epstopdf-base 2016/05/15 v2.6 Base part for package epstopdf

(/usr/local/texlive/2018/texmf-dist/tex/latex/oberdiek/grfext.sty
Package: grfext 2016/05/16 v1.2 Manage graphics extensions (HO)
)
Package epstopdf-base Info: Redefining graphics rule for `.eps' on input line 4
38.
Package grfext Info: Graphics extension search list:
(grfext)             [.pdf,.png,.jpg,.mps,.jpeg,.jbig2,.jb2,.PDF,.PNG,.JPG,.JPE
G,.JBIG2,.JB2,.eps]
(grfext)             \AppendGraphicsExtensions on input line 456.

(/usr/local/texlive/2018/texmf-dist/tex/latex/latexconfig/epstopdf-sys.cfg
File: epstopdf-sys.cfg 2010/07/13 v1.3 Configuration of (r)epstopdf for TeX Liv
e
))
ABD: EveryShipout initializing macros
\AtBeginShipoutBox=\box57
Package hyperref Info: Link coloring OFF on input line 50.

(/usr/local/texlive/2018/texmf-dist/tex/latex/hyperref/nameref.sty
Package: nameref 2016/05/21 v2.44 Cross-referencing by name of section

(/usr/local/texlive/2018/texmf-dist/tex/generic/oberdiek/gettitlestring.sty
Package: gettitlestring 2016/05/16 v1.5 Cleanup title references (HO)
)
\c@section@level=\count168
)
LaTeX Info: Redefining \ref on input line 50.
LaTeX Info: Redefining \pageref on input line 50.
LaTeX Info: Redefining \nameref on input line 50.

(./main.out) (./main.out)
\@outlinefile=\write5
\openout5 = `main.out'.

\symnumbers=\mathgroup6
\sympureletters=\mathgroup7
LaTeX Font Info:    Overwriting math alphabet `\mathrm' in version `normal'
(Font)                  OT1/cmr/m/n --> T1/LinuxLibertineT-TLF/m/n on input lin
e 50.
LaTeX Font Info:    Redeclaring math alphabet \mathbf on input line 50.
LaTeX Font Info:    Overwriting math alphabet `\mathbf' in version `normal'
(Font)                  OT1/cmr/bx/n --> T1/LinuxLibertineT-TLF/bx/n on input l
ine 50.
LaTeX Font Info:    Overwriting math alphabet `\mathbf' in version `bold'
(Font)                  OT1/cmr/bx/n --> T1/LinuxLibertineT-TLF/bx/n on input l
ine 50.
LaTeX Font Info:    Redeclaring math alphabet \mathsf on input line 50.
LaTeX Font Info:    Overwriting math alphabet `\mathsf' in version `normal'
(Font)                  OT1/cmss/m/n --> T1/LinuxBiolinumT-TLF/m/n on input lin
e 50.
LaTeX Font Info:    Overwriting math alphabet `\mathsf' in version `bold'
(Font)                  OT1/cmss/bx/n --> T1/LinuxBiolinumT-TLF/m/n on input li
ne 50.
LaTeX Font Info:    Redeclaring math alphabet \mathit on input line 50.
LaTeX Font Info:    Overwriting math alphabet `\mathit' in version `normal'
(Font)                  OT1/cmr/m/it --> T1/LinuxLibertineT-TLF/m/it on input l
ine 50.
LaTeX Font Info:    Overwriting math alphabet `\mathit' in version `bold'
(Font)                  OT1/cmr/bx/it --> T1/LinuxLibertineT-TLF/m/it on input 
line 50.
LaTeX Font Info:    Redeclaring math alphabet \mathtt on input line 50.
LaTeX Font Info:    Overwriting math alphabet `\mathtt' in version `normal'
(Font)                  OT1/cmtt/m/n --> T1/LinuxLibertineMonoT-TLF/m/n on inpu
t line 50.
LaTeX Font Info:    Overwriting math alphabet `\mathtt' in version `bold'
(Font)                  OT1/cmtt/m/n --> T1/LinuxLibertineMonoT-TLF/m/n on inpu
t line 50.
LaTeX Font Info:    Overwriting symbol font `numbers' in version `bold'
(Font)                  T1/LinuxLibertineT-TLF/m/n --> T1/LinuxLibertineT-TLF/b
x/n on input line 50.
LaTeX Font Info:    Overwriting symbol font `pureletters' in version `bold'
(Font)                  T1/LinuxLibertineT-TLF/m/it --> T1/LinuxLibertineT-TLF/
bx/it on input line 50.
LaTeX Font Info:    Overwriting math alphabet `\mathrm' in version `bold'
(Font)                  OT1/cmr/bx/n --> T1/LinuxLibertineT-TLF/bx/n on input l
ine 50.
LaTeX Font Info:    Overwriting math alphabet `\mathbf' in version `bold'
(Font)                  T1/LinuxLibertineT-TLF/bx/n --> T1/LinuxLibertineT-TLF/
bx/n on input line 50.
LaTeX Font Info:    Overwriting math alphabet `\mathsf' in version `bold'
(Font)                  T1/LinuxBiolinumT-TLF/m/n --> T1/LinuxBiolinumT-TLF/bx/
n on input line 50.
LaTeX Font Info:    Overwriting math alphabet `\mathit' in version `bold'
(Font)                  T1/LinuxLibertineT-TLF/m/it --> T1/LinuxLibertineT-TLF/
bx/it on input line 50.
LaTeX Font Info:    Overwriting math alphabet `\mathtt' in version `bold'
(Font)                  T1/LinuxLibertineMonoT-TLF/m/n --> T1/LinuxLibertineMon
oT-TLF/bx/n on input line 50.

(/usr/local/texlive/2018/texmf-dist/tex/latex/translator/translator-basic-dicti
onary-English.dict
Dictionary: translator-basic-dictionary, Language: English 
)
(/usr/local/texlive/2018/texmf-dist/tex/latex/translator/translator-bibliograph
y-dictionary-English.dict
Dictionary: translator-bibliography-dictionary, Language: English 
)
(/usr/local/texlive/2018/texmf-dist/tex/latex/translator/translator-environment
-dictionary-English.dict
Dictionary: translator-environment-dictionary, Language: English 
)
(/usr/local/texlive/2018/texmf-dist/tex/latex/translator/translator-months-dict
ionary-English.dict
Dictionary: translator-months-dictionary, Language: English 
)
(/usr/local/texlive/2018/texmf-dist/tex/latex/translator/translator-numbers-dic
tionary-English.dict
Dictionary: translator-numbers-dictionary, Language: English 
)
(/usr/local/texlive/2018/texmf-dist/tex/latex/translator/translator-theorem-dic
tionary-English.dict
Dictionary: translator-theorem-dictionary, Language: English 
)
\c@mv@tabular=\count169
\c@mv@boldtabular=\count170
 (./main.nav)
LaTeX Font Info:    Font shape `T1/LinuxBiolinumT-TLF/m/n' will be
(Font)              scaled to size 6.0pt on input line 50.

Overfull \hbox (9.1689pt too wide) in paragraph at lines 50--50
 [][]\T1/LinuxBiolinumT-TLF/m/n/6 0/64[]  
 []

LaTeX Font Info:    Font shape `T1/LinuxBiolinumT-TLF/m/n' will be
(Font)              scaled to size 14.4pt on input line 63.
LaTeX Font Info:    Font shape `T1/LinuxBiolinumT-TLF/m/n' will be
(Font)              scaled to size 4.0pt on input line 63.

Overfull \hbox (9.1689pt too wide) has occurred while \output is active
 [][]\T1/LinuxBiolinumT-TLF/m/n/6 1/64[]  
 []

[1

{/usr/local/texlive/2018/texmf-var/fonts/map/pdftex/updmap/pdftex.map} <./front
Agaetis.pdf>]
LaTeX Font Info:    Font shape `T1/LinuxBiolinumT-TLF/m/it' will be
(Font)              scaled to size 10.95pt on input line 90.
LaTeX Font Info:    Font shape `T1/LinuxBiolinumT-TLF/m/n' will be
(Font)              scaled to size 10.0pt on input line 90.

Overfull \hbox (9.1689pt too wide) has occurred while \output is active
 [][]\T1/LinuxBiolinumT-TLF/m/n/6 2/64[]  
 []

[2

]
LaTeX Font Info:    Try loading font information for U+msa on input line 105.
 (/usr/local/texlive/2018/texmf-dist/tex/latex/amsfonts/umsa.fd
File: umsa.fd 2013/01/14 v3.01 AMS symbols A
)
LaTeX Font Info:    Try loading font information for U+msb on input line 105.

(/usr/local/texlive/2018/texmf-dist/tex/latex/amsfonts/umsb.fd
File: umsb.fd 2013/01/14 v3.01 AMS symbols B
)
LaTeX Font Info:    Try loading font information for T1+LinuxLibertineT-TLF on 
input line 105.

(/usr/local/texlive/2018/texmf-dist/tex/latex/libertine/T1LinuxLibertineT-TLF.f
d
File: T1LinuxLibertineT-TLF.fd 2017/03/20 (autoinst) Font definitions for T1/Li
nuxLibertineT-TLF.
)
LaTeX Font Info:    Font shape `T1/LinuxLibertineT-TLF/m/n' will be
(Font)              scaled to size 10.95pt on input line 105.
LaTeX Font Info:    Font shape `T1/LinuxLibertineT-TLF/m/n' will be
(Font)              scaled to size 8.0pt on input line 105.
LaTeX Font Info:    Font shape `T1/LinuxLibertineT-TLF/m/n' will be
(Font)              scaled to size 6.0pt on input line 105.
LaTeX Font Info:    Font shape `T1/LinuxLibertineT-TLF/m/it' will be
(Font)              scaled to size 10.95pt on input line 105.
LaTeX Font Info:    Font shape `T1/LinuxLibertineT-TLF/m/it' will be
(Font)              scaled to size 8.0pt on input line 105.
LaTeX Font Info:    Font shape `T1/LinuxLibertineT-TLF/m/it' will be
(Font)              scaled to size 6.0pt on input line 105.
LaTeX Font Info:    Font shape `T1/LinuxBiolinumT-TLF/b/n' will be
(Font)              scaled to size 10.95pt on input line 105.
LaTeX Font Info:    Font shape `T1/LinuxBiolinumT-TLF/m/n' will be
(Font)              scaled to size 12.0pt on input line 105.

Overfull \hbox (9.1689pt too wide) has occurred while \output is active
 [][]\T1/LinuxBiolinumT-TLF/m/n/6 3/64[]  
 []

[3

] (./slides/1_intro.tex
LaTeX Font Info:    Font shape `T1/LinuxBiolinumT-TLF/m/it' will be
(Font)              scaled to size 14.4pt on input line 17.

Overfull \hbox (9.1689pt too wide) has occurred while \output is active
 [][]\T1/LinuxBiolinumT-TLF/m/n/6 4/64[]  
 []

[4

]
<fig/aiVennDiagram.png, id=49, 574.145pt x 593.21625pt>
File: fig/aiVennDiagram.png Graphic file (type png)
<use fig/aiVennDiagram.png>
Package pdftex.def Info: fig/aiVennDiagram.png  used on input line 26.
(pdftex.def)             Requested size: 206.5193pt x 213.37665pt.
LaTeX Font Info:    Font shape `T1/LinuxBiolinumT-TLF/m/it' will be
(Font)              scaled to size 6.0pt on input line 26.

Overfull \hbox (9.1689pt too wide) has occurred while \output is active
 [][]\T1/LinuxBiolinumT-TLF/m/n/6 5/64[]  
 []

[5

 <./fig/aiVennDiagram.png>]
<fig/mlvsAI.png, id=57, 614.7768pt x 439.4016pt>
File: fig/mlvsAI.png Graphic file (type png)
<use fig/mlvsAI.png>
Package pdftex.def Info: fig/mlvsAI.png  used on input line 32.
(pdftex.def)             Requested size: 206.5193pt x 147.6044pt.

Overfull \hbox (9.1689pt too wide) has occurred while \output is active
 [][]\T1/LinuxBiolinumT-TLF/m/n/6 6/64[]  
 []

[6

 <./fig/mlvsAI.png (PNG copy)>]
LaTeX Font Info:    Font shape `T1/LinuxLibertineT-TLF/m/n' will be
(Font)              scaled to size 5.0pt on input line 80.
LaTeX Font Info:    Font shape `T1/LinuxLibertineT-TLF/m/it' will be
(Font)              scaled to size 5.0pt on input line 80.

Overfull \hbox (9.1689pt too wide) has occurred while \output is active
 [][]\T1/LinuxBiolinumT-TLF/m/n/6 7/64[]  
 []

[7

]) (./slides/2_supervise.tex
Overfull \hbox (9.1689pt too wide) has occurred while \output is active
 [][]\T1/LinuxBiolinumT-TLF/m/n/6 8/64[]  
 []

[8

]
LaTeX Font Info:    Font shape `T1/LinuxLibertineT-TLF/bx/n' in size <10.95> no
t available
(Font)              Font shape `T1/LinuxLibertineT-TLF/b/n' tried instead on in
put line 35.
LaTeX Font Info:    Font shape `T1/LinuxLibertineT-TLF/b/n' will be
(Font)              scaled to size 10.95pt on input line 35.
LaTeX Font Info:    Font shape `T1/LinuxLibertineT-TLF/bx/n' in size <8> not av
ailable
(Font)              Font shape `T1/LinuxLibertineT-TLF/b/n' tried instead on in
put line 35.
LaTeX Font Info:    Font shape `T1/LinuxLibertineT-TLF/b/n' will be
(Font)              scaled to size 8.0pt on input line 35.
LaTeX Font Info:    Font shape `T1/LinuxLibertineT-TLF/bx/n' in size <6> not av
ailable
(Font)              Font shape `T1/LinuxLibertineT-TLF/b/n' tried instead on in
put line 35.
LaTeX Font Info:    Font shape `T1/LinuxLibertineT-TLF/b/n' will be
(Font)              scaled to size 6.0pt on input line 35.
LaTeX Font Info:    Font shape `T1/LinuxLibertineT-TLF/bx/it' in size <10.95> n
ot available
(Font)              Font shape `T1/LinuxLibertineT-TLF/b/it' tried instead on i
nput line 35.
LaTeX Font Info:    Font shape `T1/LinuxLibertineT-TLF/b/it' will be
(Font)              scaled to size 10.95pt on input line 35.
LaTeX Font Info:    Font shape `T1/LinuxLibertineT-TLF/bx/it' in size <8> not a
vailable
(Font)              Font shape `T1/LinuxLibertineT-TLF/b/it' tried instead on i
nput line 35.
LaTeX Font Info:    Font shape `T1/LinuxLibertineT-TLF/b/it' will be
(Font)              scaled to size 8.0pt on input line 35.
LaTeX Font Info:    Font shape `T1/LinuxLibertineT-TLF/bx/it' in size <6> not a
vailable
(Font)              Font shape `T1/LinuxLibertineT-TLF/b/it' tried instead on i
nput line 35.
LaTeX Font Info:    Font shape `T1/LinuxLibertineT-TLF/b/it' will be
(Font)              scaled to size 6.0pt on input line 35.

Overfull \hbox (9.1689pt too wide) has occurred while \output is active
 [][]\T1/LinuxBiolinumT-TLF/m/n/6 9/64[]  
 []

[9

]
<fig/gpuPrices.png, id=84, 964.60374pt x 599.23875pt>
File: fig/gpuPrices.png Graphic file (type png)
<use fig/gpuPrices.png>
Package pdftex.def Info: fig/gpuPrices.png  used on input line 47.
(pdftex.def)             Requested size: 275.35733pt x 171.05913pt.

Overfull \hbox (11.9589pt too wide) has occurred while \output is active
 [][]\T1/LinuxBiolinumT-TLF/m/n/6 10/64[]  
 []

[10

 <./fig/gpuPrices.png>]
Overfull \hbox (11.9589pt too wide) has occurred while \output is active
 [][]\T1/LinuxBiolinumT-TLF/m/n/6 11/64[]  
 []

[11

]
<fig/model.png, id=101, 964.60374pt x 613.29124pt>
File: fig/model.png Graphic file (type png)
<use fig/model.png>
Package pdftex.def Info: fig/model.png  used on input line 77.
(pdftex.def)             Requested size: 275.35733pt x 175.07056pt.

Overfull \hbox (11.9589pt too wide) has occurred while \output is active
 [][]\T1/LinuxBiolinumT-TLF/m/n/6 12/64[]  
 []

[12

 <./fig/model.png>]
<fig/modelEstimation.png, id=108, 964.60374pt x 599.23875pt>
File: fig/modelEstimation.png Graphic file (type png)
<use fig/modelEstimation.png>
Package pdftex.def Info: fig/modelEstimation.png  used on input line 91.
(pdftex.def)             Requested size: 275.35733pt x 171.05913pt.

Overfull \vbox (2.86746pt too high) detected at line 91
 []


Overfull \hbox (11.9589pt too wide) has occurred while \output is active
 [][]\T1/LinuxBiolinumT-TLF/m/n/6 13/64[]  
 []

[13

 <./fig/modelEstimation.png>]
<fig/costFct.png, id=118, 977.6525pt x 599.23875pt>
File: fig/costFct.png Graphic file (type png)
<use fig/costFct.png>
Package pdftex.def Info: fig/costFct.png  used on input line 107.
(pdftex.def)             Requested size: 275.35733pt x 168.77321pt.

Overfull \hbox (11.9589pt too wide) has occurred while \output is active
 [][]\T1/LinuxBiolinumT-TLF/m/n/6 14/64[]  
 []

[14

 <./fig/costFct.png>]
<fig/derivation.png, id=125, 941.5175pt x 580.1675pt>
File: fig/derivation.png Graphic file (type png)
<use fig/derivation.png>
Package pdftex.def Info: fig/derivation.png  used on input line 124.
(pdftex.def)             Requested size: 240.9357pt x 148.46748pt.

Overfull \hbox (11.9589pt too wide) has occurred while \output is active
 [][]\T1/LinuxBiolinumT-TLF/m/n/6 15/64[]  
 []

[15

 <./fig/derivation.png>]
LaTeX Font Info:    Font shape `T1/LinuxBiolinumT-TLF/m/n' will be
(Font)              scaled to size 8.0pt on input line 143.

Overfull \hbox (11.9589pt too wide) has occurred while \output is active
 [][]\T1/LinuxBiolinumT-TLF/m/n/6 16/64[]  
 []

[16

]
Overfull \hbox (11.9589pt too wide) has occurred while \output is active
 [][]\T1/LinuxBiolinumT-TLF/m/n/6 17/64[]  
 []

[17

]
Overfull \hbox (11.9589pt too wide) has occurred while \output is active
 [][]\T1/LinuxBiolinumT-TLF/m/n/6 18/64[]  
 []

[18

]
<fig/gradDescent.png, id=147, 945.5325pt x 307.1475pt>
File: fig/gradDescent.png Graphic file (type png)
<use fig/gradDescent.png>
Package pdftex.def Info: fig/gradDescent.png  used on input line 193.
(pdftex.def)             Requested size: 344.19536pt x 111.81029pt.

Overfull \hbox (11.9589pt too wide) has occurred while \output is active
 [][]\T1/LinuxBiolinumT-TLF/m/n/6 19/64[]  
 []

[19

 <./fig/gradDescent.png>]
<fig/pred.png, id=155, 853.1875pt x 489.83pt>
File: fig/pred.png Graphic file (type png)
<use fig/pred.png>
Package pdftex.def Info: fig/pred.png  used on input line 207.
(pdftex.def)             Requested size: 275.35733pt x 158.08667pt.

Overfull \hbox (11.9589pt too wide) has occurred while \output is active
 [][]\T1/LinuxBiolinumT-TLF/m/n/6 20/64[]  
 []

[20

 <./fig/pred.png>]
<fig/learningRateChoice.png, id=162, 943.525pt x 334.24875pt>
File: fig/learningRateChoice.png Graphic file (type png)
<use fig/learningRateChoice.png>
Package pdftex.def Info: fig/learningRateChoice.png  used on input line 223.
(pdftex.def)             Requested size: 309.77371pt x 109.7414pt.

Overfull \hbox (11.9589pt too wide) has occurred while \output is active
 [][]\T1/LinuxBiolinumT-TLF/m/n/6 21/64[]  
 []

[21

 <./fig/learningRateChoice.png>]
Overfull \hbox (11.9589pt too wide) has occurred while \output is active
 [][]\T1/LinuxBiolinumT-TLF/m/n/6 22/64[]  
 []

[22

]
Overfull \hbox (11.9589pt too wide) has occurred while \output is active
 [][]\T1/LinuxBiolinumT-TLF/m/n/6 23/64[]  
 []

[23

]
<fig/multiVarData.png, id=181, 805.0075pt x 457.71pt>
File: fig/multiVarData.png Graphic file (type png)
<use fig/multiVarData.png>
Package pdftex.def Info: fig/multiVarData.png  used on input line 276.
(pdftex.def)             Requested size: 154.88686pt x 88.0623pt.
<fig/multiVarCostFct.png, id=182, 805.0075pt x 457.71pt>
File: fig/multiVarCostFct.png Graphic file (type png)
<use fig/multiVarCostFct.png>
Package pdftex.def Info: fig/multiVarCostFct.png  used on input line 276.
(pdftex.def)             Requested size: 154.88686pt x 88.0623pt.
<fig/multiVarDesc.png, id=183, 622.325pt x 307.1475pt>
File: fig/multiVarDesc.png Graphic file (type png)
<use fig/multiVarDesc.png>
Package pdftex.def Info: fig/multiVarDesc.png  used on input line 276.
(pdftex.def)             Requested size: 258.14651pt x 127.4076pt.

Overfull \vbox (6.14626pt too high) detected at line 276
 []


Overfull \hbox (11.9589pt too wide) has occurred while \output is active
 [][]\T1/LinuxBiolinumT-TLF/m/n/6 24/64[]  
 []

[24

 <./fig/multiVarData.png> <./fig/multiVarCostFct.png> <./fig/multiVarDesc.png>]

Overfull \hbox (11.9589pt too wide) has occurred while \output is active
 [][]\T1/LinuxBiolinumT-TLF/m/n/6 25/64[]  
 []

[25

]
File: fig/multiVarDesc.png Graphic file (type png)
<use fig/multiVarDesc.png>
Package pdftex.def Info: fig/multiVarDesc.png  used on input line 301.
(pdftex.def)             Requested size: 154.88686pt x 76.44455pt.

Overfull \hbox (11.9589pt too wide) has occurred while \output is active
 [][]\T1/LinuxBiolinumT-TLF/m/n/6 26/64[]  
 []

[26

]
LaTeX Font Info:    Font shape `T1/LinuxLibertineT-TLF/m/n' will be
(Font)              scaled to size 10.0pt on input line 317.
LaTeX Font Info:    Font shape `T1/LinuxLibertineT-TLF/m/n' will be
(Font)              scaled to size 7.0pt on input line 317.
LaTeX Font Info:    Font shape `T1/LinuxLibertineT-TLF/m/it' will be
(Font)              scaled to size 10.0pt on input line 317.
LaTeX Font Info:    Font shape `T1/LinuxLibertineT-TLF/m/it' will be
(Font)              scaled to size 7.0pt on input line 317.
LaTeX Font Info:    Font shape `T1/LinuxBiolinumT-TLF/b/n' will be
(Font)              scaled to size 10.0pt on input line 317.
LaTeX Font Info:    Font shape `T1/LinuxBiolinumT-TLF/m/it' will be
(Font)              scaled to size 10.0pt on input line 317.

Overfull \hbox (11.9589pt too wide) has occurred while \output is active
 [][]\T1/LinuxBiolinumT-TLF/m/n/6 27/64[]  
 []

[27

]
LaTeX Font Info:    Font shape `T1/LinuxBiolinumT-TLF/m/n' will be
(Font)              scaled to size 9.0pt on input line 348.
LaTeX Font Info:    Font shape `T1/LinuxLibertineT-TLF/m/n' will be
(Font)              scaled to size 9.0pt on input line 348.
LaTeX Font Info:    Font shape `T1/LinuxLibertineT-TLF/m/it' will be
(Font)              scaled to size 9.0pt on input line 348.
LaTeX Font Info:    Font shape `T1/LinuxBiolinumT-TLF/b/n' will be
(Font)              scaled to size 9.0pt on input line 348.
LaTeX Font Info:    Font shape `T1/LinuxLibertineT-TLF/bx/n' in size <9> not av
ailable
(Font)              Font shape `T1/LinuxLibertineT-TLF/b/n' tried instead on in
put line 348.
LaTeX Font Info:    Font shape `T1/LinuxLibertineT-TLF/b/n' will be
(Font)              scaled to size 9.0pt on input line 348.
LaTeX Font Info:    Font shape `T1/LinuxLibertineT-TLF/bx/n' in size <5> not av
ailable
(Font)              Font shape `T1/LinuxLibertineT-TLF/b/n' tried instead on in
put line 348.
LaTeX Font Info:    Font shape `T1/LinuxLibertineT-TLF/b/n' will be
(Font)              scaled to size 5.0pt on input line 348.
LaTeX Font Info:    Font shape `T1/LinuxLibertineT-TLF/bx/it' in size <9> not a
vailable
(Font)              Font shape `T1/LinuxLibertineT-TLF/b/it' tried instead on i
nput line 348.
LaTeX Font Info:    Font shape `T1/LinuxLibertineT-TLF/b/it' will be
(Font)              scaled to size 9.0pt on input line 348.
LaTeX Font Info:    Font shape `T1/LinuxLibertineT-TLF/bx/it' in size <5> not a
vailable
(Font)              Font shape `T1/LinuxLibertineT-TLF/b/it' tried instead on i
nput line 348.
LaTeX Font Info:    Font shape `T1/LinuxLibertineT-TLF/b/it' will be
(Font)              scaled to size 5.0pt on input line 348.

Overfull \hbox (11.9589pt too wide) has occurred while \output is active
 [][]\T1/LinuxBiolinumT-TLF/m/n/6 28/64[]  
 []

[28

]
Overfull \hbox (11.9589pt too wide) has occurred while \output is active
 [][]\T1/LinuxBiolinumT-TLF/m/n/6 29/64[]  
 []

[29

]
<fig/logisticFct.png, id=229, 602.25pt x 401.5pt>
File: fig/logisticFct.png Graphic file (type png)
<use fig/logisticFct.png>
Package pdftex.def Info: fig/logisticFct.png  used on input line 408.
(pdftex.def)             Requested size: 154.88684pt x 103.26027pt.

Overfull \hbox (11.9589pt too wide) has occurred while \output is active
 [][]\T1/LinuxBiolinumT-TLF/m/n/6 30/64[]  
 []

[30

 <./fig/logisticFct.png>]
<fig/logisticRegressionCostFunction1.png, id=239, 301.125pt x 244.915pt>
File: fig/logisticRegressionCostFunction1.png Graphic file (type png)
<use fig/logisticRegressionCostFunction1.png>
Package pdftex.def Info: fig/logisticRegressionCostFunction1.png  used on input
 line 431.
(pdftex.def)             Requested size: 120.47047pt x 97.98294pt.
<fig/logisticRegressionCostFunction2.png, id=240, 300.12125pt x 281.05pt>
File: fig/logisticRegressionCostFunction2.png Graphic file (type png)
<use fig/logisticRegressionCostFunction2.png>
Package pdftex.def Info: fig/logisticRegressionCostFunction2.png  used on input
 line 431.
(pdftex.def)             Requested size: 110.14503pt x 103.14632pt.

Overfull \hbox (11.9589pt too wide) has occurred while \output is active
 [][]\T1/LinuxBiolinumT-TLF/m/n/6 31/64[]  
 []

[31

 <./fig/logisticRegressionCostFunction1.png> <./fig/logisticRegressionCostFunct
ion2.png>]
Overfull \hbox (11.9589pt too wide) has occurred while \output is active
 [][]\T1/LinuxBiolinumT-TLF/m/n/6 32/64[]  
 []

[32

]
<fig/theProblemOfOverfitting.png, id=254, 542.025pt x 150.5625pt>
File: fig/theProblemOfOverfitting.png Graphic file (type png)
<use fig/theProblemOfOverfitting.png>
Package pdftex.def Info: fig/theProblemOfOverfitting.png  used on input line 47
4.
(pdftex.def)             Requested size: 309.77371pt x 86.05124pt.
LaTeX Font Info:    Font shape `T1/LinuxBiolinumT-TLF/m/it' will be
(Font)              scaled to size 9.0pt on input line 474.

Overfull \hbox (11.9589pt too wide) has occurred while \output is active
 [][]\T1/LinuxBiolinumT-TLF/m/n/6 33/64[]  
 []

[33

 <./fig/theProblemOfOverfitting.png>]
Overfull \hbox (11.9589pt too wide) has occurred while \output is active
 [][]\T1/LinuxBiolinumT-TLF/m/n/6 34/64[]  
 []

[34

]
<fig/decisionTreeExample.png, id=266, 675.52374pt x 413.545pt>
File: fig/decisionTreeExample.png Graphic file (type png)
<use fig/decisionTreeExample.png>
Package pdftex.def Info: fig/decisionTreeExample.png  used on input line 511.
(pdftex.def)             Requested size: 167.27571pt x 102.4016pt.
LaTeX Font Info:    Font shape `T1/LinuxBiolinumT-TLF/m/it' will be
(Font)              scaled to size 8.0pt on input line 511.

Overfull \hbox (11.9589pt too wide) has occurred while \output is active
 [][]\T1/LinuxBiolinumT-TLF/m/n/6 35/64[]  
 []

[35

 <./fig/decisionTreeExample.png>]
Overfull \hbox (11.9589pt too wide) has occurred while \output is active
 [][]\T1/LinuxBiolinumT-TLF/m/n/6 36/64[]  
 []

[36

]
<fig/spiralDTresult.png, id=279, 578.16pt x 433.62pt>
File: fig/spiralDTresult.png Graphic file (type png)
<use fig/spiralDTresult.png>
Package pdftex.def Info: fig/spiralDTresult.png  used on input line 548.
(pdftex.def)             Requested size: 103.25964pt x 70.26917pt.
<fig/goodPartitionDT.png, id=281, 578.16pt x 433.62pt>
File: fig/goodPartitionDT.png Graphic file (type png)
<use fig/goodPartitionDT.png>
Package pdftex.def Info: fig/goodPartitionDT.png  used on input line 548.
(pdftex.def)             Requested size: 103.25964pt x 70.26917pt.
<fig/overfittingPartitionDT.png, id=283, 578.16pt x 433.62pt>
File: fig/overfittingPartitionDT.png Graphic file (type png)
<use fig/overfittingPartitionDT.png>
Package pdftex.def Info: fig/overfittingPartitionDT.png  used on input line 548
.
(pdftex.def)             Requested size: 103.25964pt x 70.26917pt.

Overfull \hbox (11.9589pt too wide) has occurred while \output is active
 [][]\T1/LinuxBiolinumT-TLF/m/n/6 37/64[]  
 []

[37

 <./fig/spiralDTresult.png> <./fig/goodPartitionDT.png> <./fig/overfittingParti
tionDT.png>]
Overfull \hbox (11.9589pt too wide) has occurred while \output is active
 [][]\T1/LinuxBiolinumT-TLF/m/n/6 38/64[]  
 []

[38

]
LaTeX Font Info:    Font shape `T1/LinuxBiolinumT-TLF/b/n' will be
(Font)              scaled to size 14.4pt on input line 576.

Overfull \hbox (11.9589pt too wide) has occurred while \output is active
 [][]\T1/LinuxBiolinumT-TLF/m/n/6 39/64[]  
 []

[39

]
Overfull \hbox (11.9589pt too wide) has occurred while \output is active
 [][]\T1/LinuxBiolinumT-TLF/m/n/6 40/64[]  
 []

[40

]
Overfull \hbox (11.9589pt too wide) has occurred while \output is active
 [][]\T1/LinuxBiolinumT-TLF/m/n/6 41/64[]  
 []

[41

]
<notebook/decisionTrees/titanic.pdf, id=319, 5502.5575pt x 2179.14125pt>
File: notebook/decisionTrees/titanic.pdf Graphic file (type pdf)
<use notebook/decisionTrees/titanic.pdf>
Package pdftex.def Info: notebook/decisionTrees/titanic.pdf  used on input line
 620.
(pdftex.def)             Requested size: 344.19536pt x 136.29575pt.

Overfull \hbox (11.9589pt too wide) has occurred while \output is active
 [][]\T1/LinuxBiolinumT-TLF/m/n/6 42/64[]  
 []

[42

 <./notebook/decisionTrees/titanic.pdf>]) (./slides/3_nonsupervise.tex
Overfull \hbox (11.9589pt too wide) has occurred while \output is active
 [][]\T1/LinuxBiolinumT-TLF/m/n/6 43/64[]  
 []

[43

]
Overfull \hbox (11.9589pt too wide) has occurred while \output is active
 [][]\T1/LinuxBiolinumT-TLF/m/n/6 44/64[]  
 []

[44

]
Overfull \hbox (11.9589pt too wide) has occurred while \output is active
 [][]\T1/LinuxBiolinumT-TLF/m/n/6 45/64[]  
 []

[45

]
<fig/clusteringTrue.png, id=358, 950.55125pt x 334.24875pt>
File: fig/clusteringTrue.png Graphic file (type png)
<use fig/clusteringTrue.png>
Package pdftex.def Info: fig/clusteringTrue.png  used on input line 38.
(pdftex.def)             Requested size: 309.77371pt x 108.92535pt.
<fig/clusteringKmeans.png, id=359, 950.55125pt x 334.24875pt>
File: fig/clusteringKmeans.png Graphic file (type png)
<use fig/clusteringKmeans.png>
Package pdftex.def Info: fig/clusteringKmeans.png  used on input line 38.
(pdftex.def)             Requested size: 309.77371pt x 108.92535pt.

Overfull \hbox (11.9589pt too wide) has occurred while \output is active
 [][]\T1/LinuxBiolinumT-TLF/m/n/6 46/64[]  
 []

[46

 <./fig/clusteringTrue.png> <./fig/clusteringKmeans.png>]
Overfull \hbox (11.9589pt too wide) has occurred while \output is active
 [][]\T1/LinuxBiolinumT-TLF/m/n/6 47/64[]  
 []

[47

]
File: fig/clusteringTrue.png Graphic file (type png)
<use fig/clusteringTrue.png>
Package pdftex.def Info: fig/clusteringTrue.png  used on input line 57.
(pdftex.def)             Requested size: 309.77371pt x 108.92535pt.
<fig/clusteringMeanShift.png, id=372, 950.55125pt x 334.24875pt>
File: fig/clusteringMeanShift.png Graphic file (type png)
<use fig/clusteringMeanShift.png>
Package pdftex.def Info: fig/clusteringMeanShift.png  used on input line 57.
(pdftex.def)             Requested size: 309.77371pt x 108.92535pt.

Overfull \hbox (11.9589pt too wide) has occurred while \output is active
 [][]\T1/LinuxBiolinumT-TLF/m/n/6 48/64[]  
 []

[48

 <./fig/clusteringMeanShift.png>]
<fig/gaussianFct.png, id=379, 722.7pt x 461.725pt>
File: fig/gaussianFct.png Graphic file (type png)
<use fig/gaussianFct.png>
Package pdftex.def Info: fig/gaussianFct.png  used on input line 82.
(pdftex.def)             Requested size: 132.17033pt x 84.43848pt.

Overfull \hbox (11.9589pt too wide) has occurred while \output is active
 [][]\T1/LinuxBiolinumT-TLF/m/n/6 49/64[]  
 []

[49

 <./fig/gaussianFct.png>]
File: fig/clusteringTrue.png Graphic file (type png)
<use fig/clusteringTrue.png>
Package pdftex.def Info: fig/clusteringTrue.png  used on input line 89.
(pdftex.def)             Requested size: 309.77371pt x 108.92535pt.
<fig/clusteringGMM.png, id=388, 950.55125pt x 334.24875pt>
File: fig/clusteringGMM.png Graphic file (type png)
<use fig/clusteringGMM.png>
Package pdftex.def Info: fig/clusteringGMM.png  used on input line 89.
(pdftex.def)             Requested size: 309.77371pt x 108.92535pt.

Overfull \hbox (11.9589pt too wide) has occurred while \output is active
 [][]\T1/LinuxBiolinumT-TLF/m/n/6 50/64[]  
 []

[50

 <./fig/clusteringGMM.png>]
Overfull \hbox (11.9589pt too wide) has occurred while \output is active
 [][]\T1/LinuxBiolinumT-TLF/m/n/6 51/64[]  
 []

[51

]
<fig/PCA.png, id=400, 917.4275pt x 594.22pt>
File: fig/PCA.png Graphic file (type png)
<use fig/PCA.png>
Package pdftex.def Info: fig/PCA.png  used on input line 117.
(pdftex.def)             Requested size: 275.35733pt x 178.34897pt.

Overfull \hbox (11.9589pt too wide) has occurred while \output is active
 [][]\T1/LinuxBiolinumT-TLF/m/n/6 52/64[]  
 []

[52

 <./fig/PCA.png>]) (./slides/4_deepLearning.tex
Overfull \hbox (11.9589pt too wide) has occurred while \output is active
 [][]\T1/LinuxBiolinumT-TLF/m/n/6 53/64[]  
 []

[53

]
<fig/dataPerfAlgo.PNG, id=413, 995.72pt x 578.16pt>
File: fig/dataPerfAlgo.PNG Graphic file (type png)
<use fig/dataPerfAlgo.PNG>
Package pdftex.def Info: fig/dataPerfAlgo.PNG  used on input line 33.
(pdftex.def)             Requested size: 275.35733pt x 159.8811pt.

Overfull \hbox (11.9589pt too wide) has occurred while \output is active
 [][]\T1/LinuxBiolinumT-TLF/m/n/6 54/64[]  
 []

[54

 <./fig/dataPerfAlgo.PNG>]
<fig/deepNN.png, id=420, 672.5125pt x 369.38pt>
File: fig/deepNN.png Graphic file (type png)
<use fig/deepNN.png>
Package pdftex.def Info: fig/deepNN.png  used on input line 45.
(pdftex.def)             Requested size: 309.77371pt x 170.1423pt.

Overfull \hbox (11.9589pt too wide) has occurred while \output is active
 [][]\T1/LinuxBiolinumT-TLF/m/n/6 55/64[]  
 []

[55

 <./fig/deepNN.png (PNG copy)>]
<fig/neuronEx.jpg, id=428, 963.6pt x 542.025pt>
File: fig/neuronEx.jpg Graphic file (type jpg)
<use fig/neuronEx.jpg>
Package pdftex.def Info: fig/neuronEx.jpg  used on input line 59.
(pdftex.def)             Requested size: 240.9357pt x 90.7538pt.
LaTeX Font Info:    Font shape `T1/LinuxLibertineT-TLF/m/n' will be
(Font)              scaled to size 14.4pt on input line 59.
LaTeX Font Info:    Font shape `T1/LinuxLibertineT-TLF/m/it' will be
(Font)              scaled to size 14.4pt on input line 59.

Overfull \hbox (11.9589pt too wide) has occurred while \output is active
 [][]\T1/LinuxBiolinumT-TLF/m/n/6 56/64[]  
 []

[56

 <./fig/neuronEx.jpg>]
Overfull \hbox (11.9589pt too wide) has occurred while \output is active
 [][]\T1/LinuxBiolinumT-TLF/m/n/6 57/64[]  
 []

[57

]
LaTeX Font Info:    Try loading font information for T1+LinuxLibertineMonoT-TLF
 on input line 87.

(/usr/local/texlive/2018/texmf-dist/tex/latex/libertine/T1LinuxLibertineMonoT-T
LF.fd
File: T1LinuxLibertineMonoT-TLF.fd 2017/03/20 (autoinst) Font definitions for T
1/LinuxLibertineMonoT-TLF.
)
LaTeX Font Info:    Font shape `T1/LinuxLibertineMonoT-TLF/m/n' will be
(Font)              scaled to size 10.95pt on input line 87.

Overfull \hbox (11.9589pt too wide) has occurred while \output is active
 [][]\T1/LinuxBiolinumT-TLF/m/n/6 58/64[]  
 []

[58

]
File: fig/logisticFct.png Graphic file (type png)
<use fig/logisticFct.png>
Package pdftex.def Info: fig/logisticFct.png  used on input line 130.
(pdftex.def)             Requested size: 132.16458pt x 77.92152pt.
<fig/tanhFct.png, id=448, 491.8375pt x 271.0125pt>
File: fig/tanhFct.png Graphic file (type png)
<use fig/tanhFct.png>
Package pdftex.def Info: fig/tanhFct.png  used on input line 130.
(pdftex.def)             Requested size: 132.16748pt x 77.92581pt.
<fig/reluFct.jpeg, id=449, 1033.8625pt x 836.12375pt>
File: fig/reluFct.jpeg Graphic file (type jpg)
<use fig/reluFct.jpeg>
Package pdftex.def Info: fig/reluFct.jpeg  used on input line 130.
(pdftex.def)             Requested size: 132.16672pt x 77.91435pt.
<fig/leakyReluFct.png, id=450, 501.875pt x 438.63875pt>
File: fig/leakyReluFct.png Graphic file (type png)
<use fig/leakyReluFct.png>
Package pdftex.def Info: fig/leakyReluFct.png  used on input line 130.
(pdftex.def)             Requested size: 132.16917pt x 77.92082pt.

Overfull \hbox (11.9589pt too wide) has occurred while \output is active
 [][]\T1/LinuxBiolinumT-TLF/m/n/6 59/64[]  
 []

[59

 <./fig/tanhFct.png> <./fig/reluFct.jpeg> <./fig/leakyReluFct.png (PNG copy)>]
<fig/threelayerNN.jpg, id=457, 793.96625pt x 389.455pt>
File: fig/threelayerNN.jpg Graphic file (type jpg)
<use fig/threelayerNN.jpg>
Package pdftex.def Info: fig/threelayerNN.jpg  used on input line 173.
(pdftex.def)             Requested size: 123.91054pt x 60.77493pt.
LaTeX Font Info:    Font shape `T1/LinuxBiolinumT-TLF/b/n' will be
(Font)              scaled to size 6.0pt on input line 173.

Overfull \hbox (4.06154pt too wide) detected at line 173
 [] 
 []


Overfull \hbox (11.9589pt too wide) has occurred while \output is active
 [][]\T1/LinuxBiolinumT-TLF/m/n/6 60/64[]  
 []

[60

 <./fig/threelayerNN.jpg>]
Overfull \hbox (11.9589pt too wide) has occurred while \output is active
 [][]\T1/LinuxBiolinumT-TLF/m/n/6 61/64[]  
 []

[61

]
File: fig/threelayerNN.jpg Graphic file (type jpg)
<use fig/threelayerNN.jpg>
Package pdftex.def Info: fig/threelayerNN.jpg  used on input line 225.
(pdftex.def)             Requested size: 123.91054pt x 60.77493pt.

Overfull \hbox (11.9589pt too wide) has occurred while \output is active
 [][]\T1/LinuxBiolinumT-TLF/m/n/6 62/64[]  
 []

[62

]
Overfull \hbox (11.9589pt too wide) has occurred while \output is active
 [][]\T1/LinuxBiolinumT-TLF/m/n/6 63/64[]  
 []

[63

]
<fig/biasVsVariance.png, id=480, 301.125pt x 255.95625pt>
File: fig/biasVsVariance.png Graphic file (type png)
<use fig/biasVsVariance.png>
Package pdftex.def Info: fig/biasVsVariance.png  used on input line 276.
(pdftex.def)             Requested size: 134.23598pt x 89.94168pt.

Overfull \hbox (11.9589pt too wide) has occurred while \output is active
 [][]\T1/LinuxBiolinumT-TLF/m/n/6 64/64[]  
 []

[64

 <./fig/biasVsVariance.png>]
<fig/learningCurves1.png, id=490, 301.125pt x 186.6975pt>
File: fig/learningCurves1.png Graphic file (type png)
<use fig/learningCurves1.png>
Package pdftex.def Info: fig/learningCurves1.png  used on input line 291.
(pdftex.def)             Requested size: 151.4468pt x 77.74608pt.
<fig/learningCurves2.png, id=492, 301.125pt x 171.64125pt>
File: fig/learningCurves2.png Graphic file (type png)
<use fig/learningCurves2.png>
Package pdftex.def Info: fig/learningCurves2.png  used on input line 291.
(pdftex.def)             Requested size: 165.2123pt x 77.65312pt.

Overfull \hbox (11.9589pt too wide) has occurred while \output is active
 [][]\T1/LinuxBiolinumT-TLF/m/n/6 65/64[]  
 []

[65

 <./fig/learningCurves1.png> <./fig/learningCurves2.png>]
Overfull \hbox (11.9589pt too wide) has occurred while \output is active
 [][]\T1/LinuxBiolinumT-TLF/m/n/6 66/64[]  
 []

[66

]
File: fig/threelayerNN.jpg Graphic file (type jpg)
<use fig/threelayerNN.jpg>
Package pdftex.def Info: fig/threelayerNN.jpg  used on input line 351.
(pdftex.def)             Requested size: 92.92154pt x 51.94423pt.

Underfull \hbox (badness 10000) in paragraph at lines 351--351

 []

<fig/CNN.png, id=510, 569.12625pt x 311.1625pt>
File: fig/CNN.png Graphic file (type png)
<use fig/CNN.png>
Package pdftex.def Info: fig/CNN.png  used on input line 351.
(pdftex.def)             Requested size: 92.92915pt x 51.94733pt.

Underfull \hbox (badness 10000) in paragraph at lines 351--351

 []

<fig/RNN.png, id=511, 1606.0pt x 421.575pt>
File: fig/RNN.png Graphic file (type png)
<use fig/RNN.png>
Package pdftex.def Info: fig/RNN.png  used on input line 351.
(pdftex.def)             Requested size: 92.92506pt x 51.9441pt.

Underfull \hbox (badness 10000) in paragraph at lines 351--351

 []


Overfull \hbox (11.9589pt too wide) has occurred while \output is active
 [][]\T1/LinuxBiolinumT-TLF/m/n/6 67/64[]  
 []

[67

 <./fig/CNN.png> <./fig/RNN.png>])
LaTeX Font Info:    Font shape `T1/LinuxBiolinumT-TLF/m/n' will be
(Font)              scaled to size 20.74pt on input line 123.
LaTeX Font Info:    Font shape `T1/LinuxBiolinumT-TLF/b/n' will be
(Font)              scaled to size 20.74pt on input line 123.

Overfull \hbox (11.9589pt too wide) has occurred while \output is active
 [][]\T1/LinuxBiolinumT-TLF/m/n/6 68/64[]  
 []

[68

]
\tf@nav=\write6
\openout6 = `main.nav'.

\tf@toc=\write7
\openout7 = `main.toc'.

\tf@snm=\write8
\openout8 = `main.snm'.

Package atveryend Info: Empty hook `BeforeClearDocument' on input line 125.
Package atveryend Info: Empty hook `AfterLastShipout' on input line 125.
 (./main.aux)
Package atveryend Info: Executing hook `AtVeryEndDocument' on input line 125.
Package atveryend Info: Executing hook `AtEndAfterFileList' on input line 125.
Package rerunfilecheck Info: File `main.out' has not changed.
(rerunfilecheck)             Checksum: D41D8CD98F00B204E9800998ECF8427E;0.
 ) 
Here is how much of TeX's memory you used:
 20461 strings out of 492616
 384956 string characters out of 6128966
 460921 words of memory out of 5000000
 23647 multiletter control sequences out of 15000+600000
 266605 words of font info for 157 fonts, out of 8000000 for 9000
 1141 hyphenation exceptions out of 8191
 56i,14n,55p,822b,557s stack positions out of 5000i,500n,10000p,200000b,80000s
{/usr/local/texlive/2018/texmf-dist/fonts/enc/dvips/libertine/lbtn_d6jdyt.enc
}{/usr/local/texlive/2018/texmf-dist/fonts/enc/dvips/libertine/lbtn_nh77jq.enc}
{/usr/local/texlive/2018/texmf-dist/fonts/enc/dvips/libertine/lbtn_ki75ao.enc}{
/usr/local/texlive/2018/texmf-dist/fonts/enc/dvips/libertine/lbtn_76gpa5.enc}{/
usr/local/texlive/2018/texmf-dist/fonts/enc/dvips/libertine/lbtn_7grukw.enc}{/u
sr/local/texlive/2018/texmf-dist/fonts/enc/dvips/libertine/lbtn_25tcsq.enc}</us
r/local/texlive/2018/texmf-dist/fonts/type1/public/libertine/LinBiolinumT.pfb><
/usr/local/texlive/2018/texmf-dist/fonts/type1/public/libertine/LinBiolinumTB.p
fb></usr/local/texlive/2018/texmf-dist/fonts/type1/public/libertine/LinBiolinum
TI.pfb></usr/local/texlive/2018/texmf-dist/fonts/type1/public/libertine/LinLibe
rtineMT.pfb></usr/local/texlive/2018/texmf-dist/fonts/type1/public/libertine/Li
nLibertineT.pfb></usr/local/texlive/2018/texmf-dist/fonts/type1/public/libertin
e/LinLibertineTB.pfb></usr/local/texlive/2018/texmf-dist/fonts/type1/public/lib
ertine/LinLibertineTBI.pfb></usr/local/texlive/2018/texmf-dist/fonts/type1/publ
ic/libertine/LinLibertineTI.pfb></usr/local/texlive/2018/texmf-dist/fonts/type1
/public/amsfonts/cm/cmbsy10.pfb></usr/local/texlive/2018/texmf-dist/fonts/type1
/public/amsfonts/cmextra/cmbsy8.pfb></usr/local/texlive/2018/texmf-dist/fonts/t
ype1/public/amsfonts/cmextra/cmbsy9.pfb></usr/local/texlive/2018/texmf-dist/fon
ts/type1/public/amsfonts/cm/cmbx10.pfb></usr/local/texlive/2018/texmf-dist/font
s/type1/public/amsfonts/cm/cmbx8.pfb></usr/local/texlive/2018/texmf-dist/fonts/
type1/public/amsfonts/cm/cmbx9.pfb></usr/local/texlive/2018/texmf-dist/fonts/ty
pe1/public/amsfonts/cm/cmex10.pfb></usr/local/texlive/2018/texmf-dist/fonts/typ
e1/public/amsfonts/cmextra/cmex9.pfb></usr/local/texlive/2018/texmf-dist/fonts/
type1/public/amsfonts/cm/cmmi10.pfb></usr/local/texlive/2018/texmf-dist/fonts/t
ype1/public/amsfonts/cm/cmmi7.pfb></usr/local/texlive/2018/texmf-dist/fonts/typ
e1/public/amsfonts/cm/cmmi8.pfb></usr/local/texlive/2018/texmf-dist/fonts/type1
/public/amsfonts/cm/cmmi9.pfb></usr/local/texlive/2018/texmf-dist/fonts/type1/p
ublic/amsfonts/cm/cmmib10.pfb></usr/local/texlive/2018/texmf-dist/fonts/type1/p
ublic/amsfonts/cm/cmr10.pfb></usr/local/texlive/2018/texmf-dist/fonts/type1/pub
lic/amsfonts/cm/cmr6.pfb></usr/local/texlive/2018/texmf-dist/fonts/type1/public
/amsfonts/cm/cmr7.pfb></usr/local/texlive/2018/texmf-dist/fonts/type1/public/am
sfonts/cm/cmr8.pfb></usr/local/texlive/2018/texmf-dist/fonts/type1/public/amsfo
nts/cm/cmr9.pfb></usr/local/texlive/2018/texmf-dist/fonts/type1/public/amsfonts
/cm/cmsy10.pfb></usr/local/texlive/2018/texmf-dist/fonts/type1/public/amsfonts/
cm/cmsy5.pfb></usr/local/texlive/2018/texmf-dist/fonts/type1/public/amsfonts/cm
/cmsy6.pfb></usr/local/texlive/2018/texmf-dist/fonts/type1/public/amsfonts/cm/c
msy8.pfb></usr/local/texlive/2018/texmf-dist/fonts/type1/public/amsfonts/cm/cms
y9.pfb></usr/local/texlive/2018/texmf-dist/fonts/type1/public/amsfonts/latxfont
/line10.pfb></usr/local/texlive/2018/texmf-dist/fonts/type1/public/amsfonts/sym
bols/msam10.pfb></usr/local/texlive/2018/texmf-dist/fonts/type1/public/amsfonts
/symbols/msbm10.pfb>
Output written on main.pdf (68 pages, 2800891 bytes).
PDF statistics:
 668 PDF objects out of 1000 (max. 8388607)
 465 compressed objects within 5 object streams
 137 named destinations out of 1000 (max. 500000)
 296 words of extra memory for PDF output out of 10000 (max. 10000000)

